Ansys Lumerical 2022 R1 FDTD Solver Version 8.27.2898 (Windows 64bit)
 expires (month/day/year): 4/30/2022
using config file: Ansys Licensing set with ANSYSLMD_LICENSE_FILE
license host: 27025@ansys-tlm.ece.ubc.ca
current time: Sat Feb 12 22:04:15 2022
Running on host: DESKTOP-NJAKNDP
host available memory (GB): 3.465343
All processes are communicating and ready to proceed to simulation...
Running fsp file: C:\Program Files\Lumerical\v221\bin\fdtd-engine-msmpi.exe -t 1 -remote -hide C:/Users/MichaelWu/Desktop/Lasers_final/FDTD_new/Bragg_Bandstructure_dW_sweep1/dW_sweep1_6.fsp
Starting meshing
Simulation size in gridpoints: 1 x 90 x 37
Refined 0 mesh cells (0%)
Completed meshing!
Meshing complete in 0 seconds of CPU time
Starting meshing
Simulation size in gridpoints: 1 x 90 x 37
Refined 0 mesh cells (0%)
Completed meshing!
Meshing complete in 0 seconds of CPU time
Starting meshing
Simulation size in gridpoints: 1 x 90 x 37
Refined 0 mesh cells (0%)
Completed meshing!
Meshing complete in 0 seconds of CPU time
number of processors is 6
processors are distributed as: 1x3x2
Running 3D Simulation
Starting meshing
Simulation size in gridpoints: 7 x 33 x 27
Refined 0 mesh cells (0%)
Completed meshing!
Meshing complete in 0.015625 seconds of CPU time
672 672
Starting meshing
Simulation size in gridpoints: 7 x 33 x 27
Refined 0 mesh cells (0%)
Completed meshing!
Meshing complete in 0.015625 seconds of CPU time
1232 1232
Starting meshing
Simulation size in gridpoints: 7 x 33 x 27
Refined 0 mesh cells (0%)
Completed meshing!
Meshing complete in 0.03125 seconds of CPU time
432 432
finished material properties
Meshing Time: 0.0304486 seconds, Init Electrical Material Time: 0.009233 seconds, Init Magnetic Material Time: 3.24e-05
Using selected optimization level: 2
Selecting 3d kernel for splitFieldDirection=0 and optLevel=2
-----------------------------------------
Beginning initialization of 3D Simulation
Starting to add sources to simulation
Adding 3D Mode source propagating in X
Starting to add boundary conditions to simulation
Adding 3D Bloch BC
Adding 3D Bloch BC
Adding 3D Anti-Symmetric BC
Adding 3D Parallel BC
Adding 3D PML BC
Adding 3D Parallel BC
Starting to add monitors to Simulation
Adding analysis monitor
Adding analysis monitor
Adding 3D Time monitor
Adding 3D Time monitor
Adding 3D Time monitor
Adding 3D Time monitor
Adding 3D Time monitor
Adding 3D Time monitor
Adding 3D Time monitor
Adding 3D Time monitor
Adding 3D Time monitor
Adding 3D Time monitor
Finished initialization of 3D Simulation
-----------------------------------------
All processes are communicating and ready to proceed to simulation...
Starting 93911 total iterations
0.0511124% complete. Max time remaining: 49 secs. Auto Shutoff: 1
1.07336% complete. Max time remaining: 45 secs. Auto Shutoff: 1
2.16376% complete. Max time remaining: 43 secs. Auto Shutoff: 1
4.34455% complete. Max time remaining: 41 secs. Auto Shutoff: 1.00893
8.70614% complete. Max time remaining: 39 secs. Auto Shutoff: 1.06921
13.0677% complete. Max time remaining: 38 secs. Auto Shutoff: 1.09664
17.4293% complete. Max time remaining: 36 secs. Auto Shutoff: 1.08066
21.7909% complete. Max time remaining: 34 secs. Auto Shutoff: 1.02611
26.1525% complete. Max time remaining: 32 secs. Auto Shutoff: 0.989332
30.5141% complete. Max time remaining: 31 secs. Auto Shutoff: 0.974199
32.6949% complete. Max time remaining: 30 secs. Auto Shutoff: 0.968963
34.8757% complete. Max time remaining: 29 secs. Auto Shutoff: 0.965782
37.0565% complete. Max time remaining: 28 secs. Auto Shutoff: 0.964947
41.4181% complete. Max time remaining: 26 secs. Auto Shutoff: 0.970503
45.7797% complete. Max time remaining: 24 secs. Auto Shutoff: 0.983897
50.1413% complete. Max time remaining: 22 secs. Auto Shutoff: 1.00396
54.5028% complete. Max time remaining: 20 secs. Auto Shutoff: 1.06662
58.8644% complete. Max time remaining: 18 secs. Auto Shutoff: 1.09517
63.226% complete. Max time remaining: 16 secs. Auto Shutoff: 1.08039
67.5876% complete. Max time remaining: 14 secs. Auto Shutoff: 1.02675
71.9492% complete. Max time remaining: 12 secs. Auto Shutoff: 0.988619
76.3108% complete. Max time remaining: 11 secs. Auto Shutoff: 0.973391
80.6724% complete. Max time remaining: 9 secs. Auto Shutoff: 0.964756
85.034% complete. Max time remaining: 7 secs. Auto Shutoff: 0.965304
87.2148% complete. Max time remaining: 6 secs. Auto Shutoff: 0.969081
89.3956% complete. Max time remaining: 5 secs. Auto Shutoff: 0.974783
93.7572% complete. Max time remaining: 3 secs. Auto Shutoff: 0.990267
98.1187% complete. Max time remaining: 1 secs. Auto Shutoff: 1.03619
100% complete. Max time remaining: 0 secs. Auto Shutoff: 1.06032
Completed 93911 iterations, or 1.500005e-12s of Simulation Time
Process 0 starting to collect data
    collecting monitor data
    collecting source data
Finished collecting data
Simulation completed successfully at: Sat Feb 12 22:05:01 2022
Overall wall time measurements in seconds: 48.2988
    time to mesh and initialize: 0.117306
    time to run FDTD simulation: 45.3386
    time to checkpoint simulation: 3e-07
    time to finalize data and save to files: 0.0343347
    miscellaneous time: 2.80849
    FDTD solver speed on process 0: 12.9188 Mnodes/s
    total FDTD solver speed on 6 processes: 77.5131 Mnodes/s
