Ansys Lumerical 2022 R1 FDTD Solver Version 8.27.2898 (Windows 64bit)
 expires (month/day/year): 4/30/2022
using config file: Ansys Licensing set with ANSYSLMD_LICENSE_FILE
license host: 27025@ansys-tlm.ece.ubc.ca
current time: Sat Feb 12 21:25:55 2022
Running on host: DESKTOP-NJAKNDP
host available memory (GB): 3.656581
All processes are communicating and ready to proceed to simulation...
Running fsp file: C:\Program Files\Lumerical\v221\bin\fdtd-engine-msmpi.exe -t 1 -remote -hide C:/Users/MichaelWu/Desktop/Lasers_final/FDTD_new/Bragg_Bandstructure_dW_sweep1/dW_sweep1_9.fsp
Starting meshing
Simulation size in gridpoints: 1 x 90 x 37
Refined 0 mesh cells (0%)
Completed meshing!
Meshing complete in 0 seconds of CPU time
Starting meshing
Simulation size in gridpoints: 1 x 90 x 37
Refined 0 mesh cells (0%)
Completed meshing!
Meshing complete in 0 seconds of CPU time
Starting meshing
Simulation size in gridpoints: 1 x 90 x 37
Refined 0 mesh cells (0%)
Completed meshing!
Meshing complete in 0 seconds of CPU time
number of processors is 6
processors are distributed as: 1x3x2
Running 3D Simulation
Starting meshing
Simulation size in gridpoints: 7 x 33 x 27
Refined 0 mesh cells (0%)
Completed meshing!
Meshing complete in 0 seconds of CPU time
1152 1152
Starting meshing
Simulation size in gridpoints: 7 x 33 x 27
Refined 0 mesh cells (0%)
Completed meshing!
Meshing complete in 0.015625 seconds of CPU time
1232 1232
Starting meshing
Simulation size in gridpoints: 7 x 33 x 27
Refined 0 mesh cells (0%)
Completed meshing!
Meshing complete in 0.015625 seconds of CPU time
656 656
finished material properties
Meshing Time: 0.028994 seconds, Init Electrical Material Time: 0.0067878 seconds, Init Magnetic Material Time: 2.73e-05
Using selected optimization level: 2
Selecting 3d kernel for splitFieldDirection=0 and optLevel=2
-----------------------------------------
Beginning initialization of 3D Simulation
Starting to add sources to simulation
Adding 3D Mode source propagating in X
Starting to add boundary conditions to simulation
Adding 3D Bloch BC
Adding 3D Bloch BC
Adding 3D Anti-Symmetric BC
Adding 3D Parallel BC
Adding 3D PML BC
Adding 3D Parallel BC
Starting to add monitors to Simulation
Adding analysis monitor
Adding analysis monitor
Adding 3D Time monitor
Adding 3D Time monitor
Adding 3D Time monitor
Adding 3D Time monitor
Adding 3D Time monitor
Adding 3D Time monitor
Adding 3D Time monitor
Adding 3D Time monitor
Adding 3D Time monitor
Adding 3D Time monitor
Finished initialization of 3D Simulation
-----------------------------------------
All processes are communicating and ready to proceed to simulation...
Starting 93911 total iterations
0.0511124% complete. Max time remaining: 40 secs. Auto Shutoff: 1
1.07336% complete. Max time remaining: 41 secs. Auto Shutoff: 1
2.16376% complete. Max time remaining: 40 secs. Auto Shutoff: 1
4.34455% complete. Max time remaining: 39 secs. Auto Shutoff: 0.992946
8.70614% complete. Max time remaining: 38 secs. Auto Shutoff: 0.99021
13.0677% complete. Max time remaining: 40 secs. Auto Shutoff: 1.00963
15.2485% complete. Max time remaining: 38 secs. Auto Shutoff: 1.06923
19.6101% complete. Max time remaining: 35 secs. Auto Shutoff: 1.12933
23.9717% complete. Max time remaining: 33 secs. Auto Shutoff: 1.05971
28.3333% complete. Max time remaining: 31 secs. Auto Shutoff: 0.991224
32.6949% complete. Max time remaining: 29 secs. Auto Shutoff: 0.990103
37.0565% complete. Max time remaining: 27 secs. Auto Shutoff: 1.03198
41.4181% complete. Max time remaining: 25 secs. Auto Shutoff: 1.12324
45.7797% complete. Max time remaining: 23 secs. Auto Shutoff: 1.09191
50.1413% complete. Max time remaining: 21 secs. Auto Shutoff: 0.992785
54.5028% complete. Max time remaining: 19 secs. Auto Shutoff: 0.988891
58.8644% complete. Max time remaining: 17 secs. Auto Shutoff: 0.993761
63.226% complete. Max time remaining: 15 secs. Auto Shutoff: 1.10407
67.5876% complete. Max time remaining: 14 secs. Auto Shutoff: 1.11521
71.9492% complete. Max time remaining: 12 secs. Auto Shutoff: 1.01307
76.3108% complete. Max time remaining: 10 secs. Auto Shutoff: 0.98857
80.6724% complete. Max time remaining: 8 secs. Auto Shutoff: 0.990735
85.034% complete. Max time remaining: 6 secs. Auto Shutoff: 1.0744
89.3956% complete. Max time remaining: 4 secs. Auto Shutoff: 1.12688
93.7572% complete. Max time remaining: 3 secs. Auto Shutoff: 1.0502
98.1187% complete. Max time remaining: 1 secs. Auto Shutoff: 0.989112
100% complete. Max time remaining: 0 secs. Auto Shutoff: 0.987777
Completed 93911 iterations, or 1.500005e-12s of Simulation Time
Process 0 starting to collect data
    collecting monitor data
    collecting source data
Finished collecting data
Simulation completed successfully at: Sat Feb 12 21:26:38 2022
Overall wall time measurements in seconds: 44.7765
    time to mesh and initialize: 0.102753
    time to run FDTD simulation: 41.9374
    time to checkpoint simulation: 1e-06
    time to finalize data and save to files: 0.0350272
    miscellaneous time: 2.70129
    FDTD solver speed on process 0: 13.9666 Mnodes/s
    total FDTD solver speed on 6 processes: 83.7996 Mnodes/s
