Ansys Lumerical 2022 R1 FDTD Solver Version 8.27.2898 (Windows 64bit)
 expires (month/day/year): 4/30/2022
using config file: Ansys Licensing set with ANSYSLMD_LICENSE_FILE
license host: 27025@ansys-tlm.ece.ubc.ca
current time: Sat Feb 12 22:09:43 2022
Running on host: DESKTOP-NJAKNDP
host available memory (GB): 3.302982
All processes are communicating and ready to proceed to simulation...
Running fsp file: C:\Program Files\Lumerical\v221\bin\fdtd-engine-msmpi.exe -t 1 -remote -hide C:/Users/MichaelWu/Desktop/Lasers_final/FDTD_new/Bragg_Bandstructure_dW_sweep1/dW_sweep1_5.fsp
Starting meshing
Simulation size in gridpoints: 1 x 90 x 37
Refined 0 mesh cells (0%)
Completed meshing!
Meshing complete in 0 seconds of CPU time
Starting meshing
Simulation size in gridpoints: 1 x 90 x 37
Refined 0 mesh cells (0%)
Completed meshing!
Meshing complete in 0.015625 seconds of CPU time
Starting meshing
Simulation size in gridpoints: 1 x 90 x 37
Refined 0 mesh cells (0%)
Completed meshing!
Meshing complete in 0 seconds of CPU time
number of processors is 6
processors are distributed as: 1x3x2
Running 3D Simulation
Starting meshing
Simulation size in gridpoints: 7 x 33 x 27
Refined 0 mesh cells (0%)
Completed meshing!
Meshing complete in 0.015625 seconds of CPU time
1920 1920
Starting meshing
Simulation size in gridpoints: 7 x 33 x 27
Refined 0 mesh cells (0%)
Completed meshing!
Meshing complete in 0 seconds of CPU time
2384 2384
Starting meshing
Simulation size in gridpoints: 7 x 33 x 27
Refined 0 mesh cells (0%)
Completed meshing!
Meshing complete in 0.03125 seconds of CPU time
1136 1136
finished material properties
Meshing Time: 0.03108 seconds, Init Electrical Material Time: 0.008297 seconds, Init Magnetic Material Time: 2.59e-05
Using selected optimization level: 2
Selecting 3d kernel for splitFieldDirection=0 and optLevel=2
-----------------------------------------
Beginning initialization of 3D Simulation
Starting to add sources to simulation
Adding 3D Mode source propagating in X
Starting to add boundary conditions to simulation
Adding 3D Bloch BC
Adding 3D Bloch BC
Adding 3D Anti-Symmetric BC
Adding 3D Parallel BC
Adding 3D PML BC
Adding 3D Parallel BC
Starting to add monitors to Simulation
Adding analysis monitor
Adding analysis monitor
Adding 3D Time monitor
Adding 3D Time monitor
Adding 3D Time monitor
Adding 3D Time monitor
Adding 3D Time monitor
Adding 3D Time monitor
Adding 3D Time monitor
Adding 3D Time monitor
Adding 3D Time monitor
Adding 3D Time monitor
Finished initialization of 3D Simulation
-----------------------------------------
All processes are communicating and ready to proceed to simulation...
Starting 93911 total iterations
0.0511124% complete. Max time remaining: 48 secs. Auto Shutoff: 1
1.07336% complete. Max time remaining: 41 secs. Auto Shutoff: 1
2.16376% complete. Max time remaining: 40 secs. Auto Shutoff: 1
4.34455% complete. Max time remaining: 40 secs. Auto Shutoff: 1.01355
8.70614% complete. Max time remaining: 38 secs. Auto Shutoff: 1.08189
13.0677% complete. Max time remaining: 36 secs. Auto Shutoff: 1.04751
17.4293% complete. Max time remaining: 36 secs. Auto Shutoff: 0.954229
19.6101% complete. Max time remaining: 35 secs. Auto Shutoff: 0.911128
23.9717% complete. Max time remaining: 34 secs. Auto Shutoff: 0.871846
26.1525% complete. Max time remaining: 33 secs. Auto Shutoff: 0.881844
30.5141% complete. Max time remaining: 31 secs. Auto Shutoff: 0.953002
34.8757% complete. Max time remaining: 29 secs. Auto Shutoff: 1.04608
39.2373% complete. Max time remaining: 28 secs. Auto Shutoff: 1.08126
41.4181% complete. Max time remaining: 27 secs. Auto Shutoff: 1.05827
45.7797% complete. Max time remaining: 25 secs. Auto Shutoff: 0.964746
47.9605% complete. Max time remaining: 24 secs. Auto Shutoff: 0.921877
52.322% complete. Max time remaining: 22 secs. Auto Shutoff: 0.871937
56.6836% complete. Max time remaining: 20 secs. Auto Shutoff: 0.900948
58.8644% complete. Max time remaining: 19 secs. Auto Shutoff: 0.941333
63.226% complete. Max time remaining: 17 secs. Auto Shutoff: 1.03426
67.5876% complete. Max time remaining: 15 secs. Auto Shutoff: 1.08211
71.9492% complete. Max time remaining: 13 secs. Auto Shutoff: 1.02568
76.3108% complete. Max time remaining: 11 secs. Auto Shutoff: 0.931415
80.6724% complete. Max time remaining: 9 secs. Auto Shutoff: 0.873893
85.034% complete. Max time remaining: 7 secs. Auto Shutoff: 0.892625
87.2148% complete. Max time remaining: 6 secs. Auto Shutoff: 0.927975
89.3956% complete. Max time remaining: 5 secs. Auto Shutoff: 0.971471
91.5764% complete. Max time remaining: 4 secs. Auto Shutoff: 1.02134
93.7572% complete. Max time remaining: 3 secs. Auto Shutoff: 1.06266
95.938% complete. Max time remaining: 2 secs. Auto Shutoff: 1.08104
98.1187% complete. Max time remaining: 1 secs. Auto Shutoff: 1.0714
100% complete. Max time remaining: 0 secs. Auto Shutoff: 1.0433
Completed 93911 iterations, or 1.500005e-12s of Simulation Time
Process 0 starting to collect data
    collecting monitor data
    collecting source data
Finished collecting data
Simulation completed successfully at: Sat Feb 12 22:10:30 2022
Overall wall time measurements in seconds: 48.8609
    time to mesh and initialize: 0.10762
    time to run FDTD simulation: 46.0319
    time to checkpoint simulation: 1.3e-06
    time to finalize data and save to files: 0.0341252
    miscellaneous time: 2.6873
    FDTD solver speed on process 0: 12.7243 Mnodes/s
    total FDTD solver speed on 6 processes: 76.3458 Mnodes/s
