Ansys Lumerical 2022 R1 FDTD Solver Version 8.27.2898 (Windows 64bit)
 expires (month/day/year): 4/30/2022
using config file: Ansys Licensing set with ANSYSLMD_LICENSE_FILE
license host: 27025@ansys-tlm.ece.ubc.ca
current time: Sat Feb 12 22:06:19 2022
Running on host: DESKTOP-NJAKNDP
host available memory (GB): 3.383702
All processes are communicating and ready to proceed to simulation...
Running fsp file: C:\Program Files\Lumerical\v221\bin\fdtd-engine-msmpi.exe -t 1 -remote -hide C:/Users/MichaelWu/Desktop/Lasers_final/FDTD_new/Bragg_Bandstructure_dW_sweep1/dW_sweep1_1.fsp
Starting meshing
Simulation size in gridpoints: 1 x 90 x 37
Refined 0 mesh cells (0%)
Completed meshing!
Meshing complete in 0 seconds of CPU time
Starting meshing
Simulation size in gridpoints: 1 x 90 x 37
Refined 0 mesh cells (0%)
Completed meshing!
Meshing complete in 0 seconds of CPU time
Starting meshing
Simulation size in gridpoints: 1 x 90 x 37
Refined 0 mesh cells (0%)
Completed meshing!
Meshing complete in 0 seconds of CPU time
number of processors is 6
processors are distributed as: 1x3x2
Running 3D Simulation
Starting meshing
Simulation size in gridpoints: 7 x 33 x 27
Refined 0 mesh cells (0%)
Completed meshing!
Meshing complete in 0.015625 seconds of CPU time
32 32
Starting meshing
Simulation size in gridpoints: 7 x 33 x 27
Refined 0 mesh cells (0%)
Completed meshing!
Meshing complete in 0 seconds of CPU time
32 32
Starting meshing
Simulation size in gridpoints: 7 x 33 x 27
Refined 0 mesh cells (0%)
Completed meshing!
Meshing complete in 0.015625 seconds of CPU time
112 112
finished material properties
Meshing Time: 0.0273614 seconds, Init Electrical Material Time: 0.0124087 seconds, Init Magnetic Material Time: 2.89e-05
Using selected optimization level: 2
Selecting 3d kernel for splitFieldDirection=0 and optLevel=2
-----------------------------------------
Beginning initialization of 3D Simulation
Starting to add sources to simulation
Adding 3D Mode source propagating in X
Starting to add boundary conditions to simulation
Adding 3D Bloch BC
Adding 3D Bloch BC
Adding 3D Anti-Symmetric BC
Adding 3D Parallel BC
Adding 3D PML BC
Adding 3D Parallel BC
Starting to add monitors to Simulation
Adding analysis monitor
Adding analysis monitor
Adding 3D Time monitor
Adding 3D Time monitor
Adding 3D Time monitor
Adding 3D Time monitor
Adding 3D Time monitor
Adding 3D Time monitor
Adding 3D Time monitor
Adding 3D Time monitor
Adding 3D Time monitor
Adding 3D Time monitor
Finished initialization of 3D Simulation
-----------------------------------------
All processes are communicating and ready to proceed to simulation...
Starting 93911 total iterations
0.0511124% complete. Max time remaining: 59 secs. Auto Shutoff: 1
1.07336% complete. Max time remaining: 39 secs. Auto Shutoff: 1
2.16376% complete. Max time remaining: 38 secs. Auto Shutoff: 1
4.34455% complete. Max time remaining: 37 secs. Auto Shutoff: 1.00226
8.70614% complete. Max time remaining: 35 secs. Auto Shutoff: 1.01987
13.0677% complete. Max time remaining: 34 secs. Auto Shutoff: 1.03645
17.4293% complete. Max time remaining: 32 secs. Auto Shutoff: 1.05037
21.7909% complete. Max time remaining: 31 secs. Auto Shutoff: 1.06156
26.1525% complete. Max time remaining: 29 secs. Auto Shutoff: 1.06892
30.5141% complete. Max time remaining: 28 secs. Auto Shutoff: 1.07242
34.8757% complete. Max time remaining: 26 secs. Auto Shutoff: 1.07171
39.2373% complete. Max time remaining: 24 secs. Auto Shutoff: 1.06678
43.5989% complete. Max time remaining: 23 secs. Auto Shutoff: 1.05786
47.9605% complete. Max time remaining: 21 secs. Auto Shutoff: 1.04576
52.322% complete. Max time remaining: 19 secs. Auto Shutoff: 1.0305
56.6836% complete. Max time remaining: 18 secs. Auto Shutoff: 1.01359
58.8644% complete. Max time remaining: 17 secs. Auto Shutoff: 1.00419
61.0452% complete. Max time remaining: 16 secs. Auto Shutoff: 0.998523
63.226% complete. Max time remaining: 15 secs. Auto Shutoff: 1.00421
65.4068% complete. Max time remaining: 15 secs. Auto Shutoff: 1.00985
67.5876% complete. Max time remaining: 14 secs. Auto Shutoff: 1.01566
71.9492% complete. Max time remaining: 12 secs. Auto Shutoff: 1.0261
76.3108% complete. Max time remaining: 10 secs. Auto Shutoff: 1.03548
80.6724% complete. Max time remaining: 8 secs. Auto Shutoff: 1.04288
85.034% complete. Max time remaining: 6 secs. Auto Shutoff: 1.04826
89.3956% complete. Max time remaining: 4 secs. Auto Shutoff: 1.05108
93.7572% complete. Max time remaining: 3 secs. Auto Shutoff: 1.05134
95.938% complete. Max time remaining: 2 secs. Auto Shutoff: 1.05049
98.1187% complete. Max time remaining: 1 secs. Auto Shutoff: 1.04891
100% complete. Max time remaining: 0 secs. Auto Shutoff: 1.04714
Completed 93911 iterations, or 1.500005e-12s of Simulation Time
Process 0 starting to collect data
    collecting monitor data
    collecting source data
Finished collecting data
Simulation completed successfully at: Sat Feb 12 22:07:04 2022
Overall wall time measurements in seconds: 46.4999
    time to mesh and initialize: 0.0761583
    time to run FDTD simulation: 43.728
    time to checkpoint simulation: 4e-07
    time to finalize data and save to files: 0.0331889
    miscellaneous time: 2.66246
    FDTD solver speed on process 0: 13.3947 Mnodes/s
    total FDTD solver speed on 6 processes: 80.3681 Mnodes/s
