Ansys Lumerical 2022 R1 FDTD Solver Version 8.27.2898 (Windows 64bit)
 expires (month/day/year): 4/30/2022
using config file: Ansys Licensing set with ANSYSLMD_LICENSE_FILE
license host: 27025@ansys-tlm.ece.ubc.ca
current time: Sat Feb 12 22:07:07 2022
Running on host: DESKTOP-NJAKNDP
host available memory (GB): 3.538403
All processes are communicating and ready to proceed to simulation...
Running fsp file: C:\Program Files\Lumerical\v221\bin\fdtd-engine-msmpi.exe -t 1 -remote -hide C:/Users/MichaelWu/Desktop/Lasers_final/FDTD_new/Bragg_Bandstructure_dW_sweep1/dW_sweep1_2.fsp
Starting meshing
Simulation size in gridpoints: 1 x 90 x 37
Refined 0 mesh cells (0%)
Completed meshing!
Meshing complete in 0 seconds of CPU time
Starting meshing
Simulation size in gridpoints: 1 x 90 x 37
Refined 0 mesh cells (0%)
Completed meshing!
Meshing complete in 0 seconds of CPU time
Starting meshing
Simulation size in gridpoints: 1 x 90 x 37
Refined 0 mesh cells (0%)
Completed meshing!
Meshing complete in 0 seconds of CPU time
number of processors is 6
processors are distributed as: 1x3x2
Running 3D Simulation
Starting meshing
Simulation size in gridpoints: 7 x 33 x 27
Refined 0 mesh cells (0%)
Completed meshing!
Meshing complete in 0.015625 seconds of CPU time
32 32
Starting meshing
Simulation size in gridpoints: 7 x 33 x 27
Refined 0 mesh cells (0%)
Completed meshing!
Meshing complete in 0 seconds of CPU time
32 32
Starting meshing
Simulation size in gridpoints: 7 x 33 x 27
Refined 0 mesh cells (0%)
Completed meshing!
Meshing complete in 0.015625 seconds of CPU time
112 112
finished material properties
Meshing Time: 0.0249443 seconds, Init Electrical Material Time: 0.0079767 seconds, Init Magnetic Material Time: 2.83e-05
Using selected optimization level: 2
Selecting 3d kernel for splitFieldDirection=0 and optLevel=2
-----------------------------------------
Beginning initialization of 3D Simulation
Starting to add sources to simulation
Adding 3D Mode source propagating in X
Starting to add boundary conditions to simulation
Adding 3D Bloch BC
Adding 3D Bloch BC
Adding 3D Anti-Symmetric BC
Adding 3D Parallel BC
Adding 3D PML BC
Adding 3D Parallel BC
Starting to add monitors to Simulation
Adding analysis monitor
Adding analysis monitor
Adding 3D Time monitor
Adding 3D Time monitor
Adding 3D Time monitor
Adding 3D Time monitor
Adding 3D Time monitor
Adding 3D Time monitor
Adding 3D Time monitor
Adding 3D Time monitor
Adding 3D Time monitor
Adding 3D Time monitor
Finished initialization of 3D Simulation
-----------------------------------------
All processes are communicating and ready to proceed to simulation...
Starting 93911 total iterations
0.0511124% complete. Max time remaining: 39 secs. Auto Shutoff: 1
1.07336% complete. Max time remaining: 42 secs. Auto Shutoff: 1
2.16376% complete. Max time remaining: 41 secs. Auto Shutoff: 1
4.34455% complete. Max time remaining: 56 secs. Auto Shutoff: 1.00612
6.52535% complete. Max time remaining: 50 secs. Auto Shutoff: 1.02951
10.8869% complete. Max time remaining: 43 secs. Auto Shutoff: 1.06751
15.2485% complete. Max time remaining: 45 secs. Auto Shutoff: 1.08788
17.4293% complete. Max time remaining: 44 secs. Auto Shutoff: 1.08952
19.6101% complete. Max time remaining: 42 secs. Auto Shutoff: 1.08516
21.7909% complete. Max time remaining: 42 secs. Auto Shutoff: 1.07543
23.9717% complete. Max time remaining: 41 secs. Auto Shutoff: 1.06076
26.1525% complete. Max time remaining: 39 secs. Auto Shutoff: 1.04189
28.3333% complete. Max time remaining: 38 secs. Auto Shutoff: 1.01863
30.5141% complete. Max time remaining: 38 secs. Auto Shutoff: 0.998452
32.6949% complete. Max time remaining: 36 secs. Auto Shutoff: 0.998235
37.0565% complete. Max time remaining: 33 secs. Auto Shutoff: 0.997809
41.4181% complete. Max time remaining: 30 secs. Auto Shutoff: 0.997473
45.7797% complete. Max time remaining: 28 secs. Auto Shutoff: 0.997252
47.9605% complete. Max time remaining: 26 secs. Auto Shutoff: 0.9972
52.322% complete. Max time remaining: 24 secs. Auto Shutoff: 0.997201
56.6836% complete. Max time remaining: 21 secs. Auto Shutoff: 0.997325
61.0452% complete. Max time remaining: 19 secs. Auto Shutoff: 0.997526
63.226% complete. Max time remaining: 18 secs. Auto Shutoff: 0.997632
65.4068% complete. Max time remaining: 17 secs. Auto Shutoff: 1.01912
67.5876% complete. Max time remaining: 16 secs. Auto Shutoff: 1.04207
71.9492% complete. Max time remaining: 14 secs. Auto Shutoff: 1.0748
76.3108% complete. Max time remaining: 12 secs. Auto Shutoff: 1.08792
80.6724% complete. Max time remaining: 9 secs. Auto Shutoff: 1.07815
85.034% complete. Max time remaining: 7 secs. Auto Shutoff: 1.04705
89.3956% complete. Max time remaining: 5 secs. Auto Shutoff: 1.00238
93.7572% complete. Max time remaining: 3 secs. Auto Shutoff: 0.996556
98.1187% complete. Max time remaining: 1 secs. Auto Shutoff: 0.996151
100% complete. Max time remaining: 0 secs. Auto Shutoff: 0.996009
Completed 93911 iterations, or 1.500005e-12s of Simulation Time
Process 0 starting to collect data
    collecting monitor data
    collecting source data
Finished collecting data
Simulation completed successfully at: Sat Feb 12 22:07:55 2022
Overall wall time measurements in seconds: 50.6288
    time to mesh and initialize: 0.0896045
    time to run FDTD simulation: 47.7146
    time to checkpoint simulation: 1e-06
    time to finalize data and save to files: 0.0368678
    miscellaneous time: 2.78776
    FDTD solver speed on process 0: 12.2755 Mnodes/s
    total FDTD solver speed on 6 processes: 73.6533 Mnodes/s
