Ansys Lumerical 2022 R1 FDTD Solver Version 8.27.2898 (Windows 64bit)
 expires (month/day/year): 4/30/2022
using config file: Ansys Licensing set with ANSYSLMD_LICENSE_FILE
license host: 27025@ansys-tlm.ece.ubc.ca
current time: Sat Feb 12 22:07:58 2022
Running on host: DESKTOP-NJAKNDP
host available memory (GB): 3.414282
All processes are communicating and ready to proceed to simulation...
Running fsp file: C:\Program Files\Lumerical\v221\bin\fdtd-engine-msmpi.exe -t 1 -remote -hide C:/Users/MichaelWu/Desktop/Lasers_final/FDTD_new/Bragg_Bandstructure_dW_sweep1/dW_sweep1_3.fsp
Starting meshing
Simulation size in gridpoints: 1 x 90 x 37
Refined 0 mesh cells (0%)
Completed meshing!
Meshing complete in 0 seconds of CPU time
Starting meshing
Simulation size in gridpoints: 1 x 90 x 37
Refined 0 mesh cells (0%)
Completed meshing!
Meshing complete in 0 seconds of CPU time
Starting meshing
Simulation size in gridpoints: 1 x 90 x 37
Refined 0 mesh cells (0%)
Completed meshing!
Meshing complete in 0 seconds of CPU time
number of processors is 6
processors are distributed as: 1x3x2
Running 3D Simulation
Starting meshing
Simulation size in gridpoints: 7 x 33 x 27
Refined 0 mesh cells (0%)
Completed meshing!
Meshing complete in 0 seconds of CPU time
672 672
Starting meshing
Simulation size in gridpoints: 7 x 33 x 27
Refined 0 mesh cells (0%)
Completed meshing!
Meshing complete in 0 seconds of CPU time
1232 1232
Starting meshing
Simulation size in gridpoints: 7 x 33 x 27
Refined 0 mesh cells (0%)
Completed meshing!
Meshing complete in 0.015625 seconds of CPU time
432 432
finished material properties
Meshing Time: 0.0259311 seconds, Init Electrical Material Time: 0.0065399 seconds, Init Magnetic Material Time: 3.45e-05
Using selected optimization level: 2
Selecting 3d kernel for splitFieldDirection=0 and optLevel=2
-----------------------------------------
Beginning initialization of 3D Simulation
Starting to add sources to simulation
Adding 3D Mode source propagating in X
Starting to add boundary conditions to simulation
Adding 3D Bloch BC
Adding 3D Bloch BC
Adding 3D Anti-Symmetric BC
Adding 3D Parallel BC
Adding 3D PML BC
Adding 3D Parallel BC
Starting to add monitors to Simulation
Adding analysis monitor
Adding analysis monitor
Adding 3D Time monitor
Adding 3D Time monitor
Adding 3D Time monitor
Adding 3D Time monitor
Adding 3D Time monitor
Adding 3D Time monitor
Adding 3D Time monitor
Adding 3D Time monitor
Adding 3D Time monitor
Adding 3D Time monitor
Finished initialization of 3D Simulation
-----------------------------------------
All processes are communicating and ready to proceed to simulation...
Starting 93911 total iterations
0.0511124% complete. Max time remaining: 43 secs. Auto Shutoff: 1
1.07336% complete. Max time remaining: 54 secs. Auto Shutoff: 1
2.16376% complete. Max time remaining: 1 min, 11 secs. Auto Shutoff: 1
4.34455% complete. Max time remaining: 1 min, 1 secs. Auto Shutoff: 1.00882
6.52535% complete. Max time remaining: 53 secs. Auto Shutoff: 1.04161
10.8869% complete. Max time remaining: 46 secs. Auto Shutoff: 1.08684
15.2485% complete. Max time remaining: 42 secs. Auto Shutoff: 1.09297
19.6101% complete. Max time remaining: 39 secs. Auto Shutoff: 1.05628
21.7909% complete. Max time remaining: 38 secs. Auto Shutoff: 1.02624
26.1525% complete. Max time remaining: 36 secs. Auto Shutoff: 0.989311
28.3333% complete. Max time remaining: 34 secs. Auto Shutoff: 0.980901
30.5141% complete. Max time remaining: 33 secs. Auto Shutoff: 0.973933
32.6949% complete. Max time remaining: 32 secs. Auto Shutoff: 0.96858
34.8757% complete. Max time remaining: 31 secs. Auto Shutoff: 0.965297
37.0565% complete. Max time remaining: 30 secs. Auto Shutoff: 0.964377
41.4181% complete. Max time remaining: 28 secs. Auto Shutoff: 0.969862
45.7797% complete. Max time remaining: 26 secs. Auto Shutoff: 0.983329
50.1413% complete. Max time remaining: 23 secs. Auto Shutoff: 1.00226
52.322% complete. Max time remaining: 22 secs. Auto Shutoff: 1.03724
56.6836% complete. Max time remaining: 20 secs. Auto Shutoff: 1.0841
61.0452% complete. Max time remaining: 18 secs. Auto Shutoff: 1.09243
65.4068% complete. Max time remaining: 16 secs. Auto Shutoff: 1.05903
69.7684% complete. Max time remaining: 14 secs. Auto Shutoff: 0.997312
71.9492% complete. Max time remaining: 13 secs. Auto Shutoff: 0.98899
74.13% complete. Max time remaining: 12 secs. Auto Shutoff: 0.980907
76.3108% complete. Max time remaining: 11 secs. Auto Shutoff: 0.973426
78.4916% complete. Max time remaining: 10 secs. Auto Shutoff: 0.967891
80.6724% complete. Max time remaining: 9 secs. Auto Shutoff: 0.964383
85.034% complete. Max time remaining: 7 secs. Auto Shutoff: 0.964561
89.3956% complete. Max time remaining: 5 secs. Auto Shutoff: 0.973853
93.7572% complete. Max time remaining: 3 secs. Auto Shutoff: 0.989401
98.1187% complete. Max time remaining: 1 secs. Auto Shutoff: 1.03283
100% complete. Max time remaining: 0 secs. Auto Shutoff: 1.05721
Completed 93911 iterations, or 1.500005e-12s of Simulation Time
Process 0 starting to collect data
    collecting monitor data
    collecting source data
Finished collecting data
Simulation completed successfully at: Sat Feb 12 22:08:45 2022
Overall wall time measurements in seconds: 49.5208
    time to mesh and initialize: 0.10131
    time to run FDTD simulation: 46.6914
    time to checkpoint simulation: 7e-07
    time to finalize data and save to files: 0.0352791
    miscellaneous time: 2.69277
    FDTD solver speed on process 0: 12.5446 Mnodes/s
    total FDTD solver speed on 6 processes: 75.2674 Mnodes/s
