Ansys Lumerical 2022 R1 FDTD Solver Version 8.27.2898 (Windows 64bit)
 expires (month/day/year): 4/30/2022
using config file: Ansys Licensing set with ANSYSLMD_LICENSE_FILE
license host: 27025@ansys-tlm.ece.ubc.ca
current time: Sat Feb 12 17:11:54 2022
Running on host: DESKTOP-NJAKNDP
host available memory (GB): 2.636296
All processes are communicating and ready to proceed to simulation...
Running fsp file: C:\Program Files\Lumerical\v221\bin\fdtd-engine-msmpi.exe -t 1 -remote -hide C:/Users/MichaelWu/Desktop/Lasers_final/FDTD/Bragg_Bandstructure_W_sweep/W_sweep_5.fsp
Starting meshing
Simulation size in gridpoints: 1 x 90 x 37
Refined 0 mesh cells (0%)
Completed meshing!
Meshing complete in 0 seconds of CPU time
Starting meshing
Simulation size in gridpoints: 1 x 90 x 37
Refined 0 mesh cells (0%)
Completed meshing!
Meshing complete in 0 seconds of CPU time
Starting meshing
Simulation size in gridpoints: 1 x 90 x 37
Refined 0 mesh cells (0%)
Completed meshing!
Meshing complete in 0.015625 seconds of CPU time
number of processors is 6
processors are distributed as: 1x3x2
Running 3D Simulation
Starting meshing
Simulation size in gridpoints: 7 x 33 x 27
Refined 0 mesh cells (0%)
Completed meshing!
Meshing complete in 0 seconds of CPU time
1488 1488
Starting meshing
Simulation size in gridpoints: 7 x 33 x 27
Refined 0 mesh cells (0%)
Completed meshing!
Meshing complete in 0.015625 seconds of CPU time
1520 1520
Starting meshing
Simulation size in gridpoints: 7 x 33 x 27
Refined 0 mesh cells (0%)
Completed meshing!
Meshing complete in 0.015625 seconds of CPU time
896 896
finished material properties
Meshing Time: 0.0274453 seconds, Init Electrical Material Time: 0.0073406 seconds, Init Magnetic Material Time: 2.76e-05
Using selected optimization level: 2
Selecting 3d kernel for splitFieldDirection=0 and optLevel=2
-----------------------------------------
Beginning initialization of 3D Simulation
Starting to add sources to simulation
Adding 3D Mode source propagating in X
Starting to add boundary conditions to simulation
Adding 3D Bloch BC
Adding 3D Bloch BC
Adding 3D Anti-Symmetric BC
Adding 3D Parallel BC
Adding 3D PML BC
Adding 3D Parallel BC
Starting to add monitors to Simulation
Adding analysis monitor
Adding analysis monitor
Adding 3D Time monitor
Adding 3D Time monitor
Adding 3D Time monitor
Adding 3D Time monitor
Adding 3D Time monitor
Adding 3D Time monitor
Adding 3D Time monitor
Adding 3D Time monitor
Adding 3D Time monitor
Adding 3D Time monitor
Finished initialization of 3D Simulation
-----------------------------------------
All processes are communicating and ready to proceed to simulation...
Starting 93911 total iterations
0.0511124% complete. Max time remaining: 43 secs. Auto Shutoff: 1
1.07336% complete. Max time remaining: 43 secs. Auto Shutoff: 1
2.16376% complete. Max time remaining: 42 secs. Auto Shutoff: 1
4.34455% complete. Max time remaining: 53 secs. Auto Shutoff: 1.01055
6.52535% complete. Max time remaining: 48 secs. Auto Shutoff: 1.04871
10.8869% complete. Max time remaining: 48 secs. Auto Shutoff: 1.09214
13.0677% complete. Max time remaining: 46 secs. Auto Shutoff: 1.09179
15.2485% complete. Max time remaining: 43 secs. Auto Shutoff: 1.07608
19.6101% complete. Max time remaining: 40 secs. Auto Shutoff: 1.00661
23.9717% complete. Max time remaining: 37 secs. Auto Shutoff: 0.961408
28.3333% complete. Max time remaining: 34 secs. Auto Shutoff: 0.929815
32.6949% complete. Max time remaining: 32 secs. Auto Shutoff: 0.924338
37.0565% complete. Max time remaining: 29 secs. Auto Shutoff: 0.947337
41.4181% complete. Max time remaining: 27 secs. Auto Shutoff: 0.986956
45.7797% complete. Max time remaining: 25 secs. Auto Shutoff: 1.05485
50.1413% complete. Max time remaining: 23 secs. Auto Shutoff: 1.09243
54.5028% complete. Max time remaining: 21 secs. Auto Shutoff: 1.06979
58.8644% complete. Max time remaining: 19 secs. Auto Shutoff: 0.997566
63.226% complete. Max time remaining: 16 secs. Auto Shutoff: 0.956268
67.5876% complete. Max time remaining: 14 secs. Auto Shutoff: 0.926957
71.9492% complete. Max time remaining: 12 secs. Auto Shutoff: 0.924619
76.3108% complete. Max time remaining: 11 secs. Auto Shutoff: 0.950231
80.6724% complete. Max time remaining: 9 secs. Auto Shutoff: 0.990594
85.034% complete. Max time remaining: 7 secs. Auto Shutoff: 1.06048
89.3956% complete. Max time remaining: 5 secs. Auto Shutoff: 1.09198
93.7572% complete. Max time remaining: 3 secs. Auto Shutoff: 1.06291
98.1187% complete. Max time remaining: 1 secs. Auto Shutoff: 0.992099
100% complete. Max time remaining: 0 secs. Auto Shutoff: 0.974173
Completed 93911 iterations, or 1.500005e-12s of Simulation Time
Process 0 starting to collect data
    collecting monitor data
    collecting source data
Finished collecting data
Simulation completed successfully at: Sat Feb 12 17:12:39 2022
Overall wall time measurements in seconds: 46.8996
    time to mesh and initialize: 0.0614266
    time to run FDTD simulation: 44.0605
    time to checkpoint simulation: 3e-07
    time to finalize data and save to files: 0.0377927
    miscellaneous time: 2.73982
    FDTD solver speed on process 0: 13.2936 Mnodes/s
    total FDTD solver speed on 6 processes: 79.7616 Mnodes/s
