Ansys Lumerical 2022 R1 FDTD Solver Version 8.27.2898 (Windows 64bit)
 expires (month/day/year): 4/30/2022
using config file: Ansys Licensing set with ANSYSLMD_LICENSE_FILE
license host: 27025@ansys-tlm.ece.ubc.ca
current time: Sat Feb 12 17:11:09 2022
Running on host: DESKTOP-NJAKNDP
host available memory (GB): 2.611765
All processes are communicating and ready to proceed to simulation...
Running fsp file: C:\Program Files\Lumerical\v221\bin\fdtd-engine-msmpi.exe -t 1 -remote -hide C:/Users/MichaelWu/Desktop/Lasers_final/FDTD/Bragg_Bandstructure_W_sweep/W_sweep_4.fsp
Starting meshing
Simulation size in gridpoints: 1 x 90 x 37
Refined 0 mesh cells (0%)
Completed meshing!
Meshing complete in 0.015625 seconds of CPU time
Starting meshing
Simulation size in gridpoints: 1 x 90 x 37
Refined 0 mesh cells (0%)
Completed meshing!
Meshing complete in 0 seconds of CPU time
Starting meshing
Simulation size in gridpoints: 1 x 90 x 37
Refined 0 mesh cells (0%)
Completed meshing!
Meshing complete in 0 seconds of CPU time
number of processors is 6
processors are distributed as: 1x3x2
Running 3D Simulation
Starting meshing
Simulation size in gridpoints: 7 x 33 x 27
Refined 0 mesh cells (0%)
Completed meshing!
Meshing complete in 0.015625 seconds of CPU time
1920 1920
Starting meshing
Simulation size in gridpoints: 7 x 33 x 27
Refined 0 mesh cells (0%)
Completed meshing!
Meshing complete in 0.015625 seconds of CPU time
1952 1952
Starting meshing
Simulation size in gridpoints: 7 x 33 x 27
Refined 0 mesh cells (0%)
Completed meshing!
Meshing complete in 0.015625 seconds of CPU time
1120 1120
finished material properties
Meshing Time: 0.0324338 seconds, Init Electrical Material Time: 0.0129092 seconds, Init Magnetic Material Time: 4.4e-05
Using selected optimization level: 2
Selecting 3d kernel for splitFieldDirection=0 and optLevel=2
-----------------------------------------
Beginning initialization of 3D Simulation
Starting to add sources to simulation
Adding 3D Mode source propagating in X
Starting to add boundary conditions to simulation
Adding 3D Bloch BC
Adding 3D Bloch BC
Adding 3D Anti-Symmetric BC
Adding 3D Parallel BC
Adding 3D PML BC
Adding 3D Parallel BC
Starting to add monitors to Simulation
Adding analysis monitor
Adding analysis monitor
Adding 3D Time monitor
Adding 3D Time monitor
Adding 3D Time monitor
Adding 3D Time monitor
Adding 3D Time monitor
Adding 3D Time monitor
Adding 3D Time monitor
Adding 3D Time monitor
Adding 3D Time monitor
Adding 3D Time monitor
Finished initialization of 3D Simulation
-----------------------------------------
All processes are communicating and ready to proceed to simulation...
Starting 93911 total iterations
0.0511124% complete. Max time remaining: 41 secs. Auto Shutoff: 1
1.07336% complete. Max time remaining: 41 secs. Auto Shutoff: 1
2.16376% complete. Max time remaining: 40 secs. Auto Shutoff: 1
4.34455% complete. Max time remaining: 39 secs. Auto Shutoff: 1.01044
8.70614% complete. Max time remaining: 38 secs. Auto Shutoff: 1.07973
13.0677% complete. Max time remaining: 36 secs. Auto Shutoff: 1.08409
17.4293% complete. Max time remaining: 34 secs. Auto Shutoff: 1.02093
21.7909% complete. Max time remaining: 33 secs. Auto Shutoff: 0.961802
26.1525% complete. Max time remaining: 31 secs. Auto Shutoff: 0.925048
30.5141% complete. Max time remaining: 29 secs. Auto Shutoff: 0.91883
34.8757% complete. Max time remaining: 27 secs. Auto Shutoff: 0.946764
39.2373% complete. Max time remaining: 25 secs. Auto Shutoff: 0.994183
43.5989% complete. Max time remaining: 23 secs. Auto Shutoff: 1.06982
47.9605% complete. Max time remaining: 22 secs. Auto Shutoff: 1.08869
52.322% complete. Max time remaining: 20 secs. Auto Shutoff: 1.03614
56.6836% complete. Max time remaining: 18 secs. Auto Shutoff: 0.971229
61.0452% complete. Max time remaining: 16 secs. Auto Shutoff: 0.929435
65.4068% complete. Max time remaining: 14 secs. Auto Shutoff: 0.916278
69.7684% complete. Max time remaining: 13 secs. Auto Shutoff: 0.938575
74.13% complete. Max time remaining: 11 secs. Auto Shutoff: 0.9831
78.4916% complete. Max time remaining: 9 secs. Auto Shutoff: 1.05603
82.8532% complete. Max time remaining: 7 secs. Auto Shutoff: 1.08982
87.2148% complete. Max time remaining: 5 secs. Auto Shutoff: 1.05152
91.5764% complete. Max time remaining: 4 secs. Auto Shutoff: 0.979668
95.938% complete. Max time remaining: 2 secs. Auto Shutoff: 0.935746
100% complete. Max time remaining: 0 secs. Auto Shutoff: 0.915631
Completed 93911 iterations, or 1.500005e-12s of Simulation Time
Process 0 starting to collect data
    collecting monitor data
    collecting source data
Finished collecting data
Simulation completed successfully at: Sat Feb 12 17:11:51 2022
Overall wall time measurements in seconds: 44.6688
    time to mesh and initialize: 0.0950974
    time to run FDTD simulation: 41.8721
    time to checkpoint simulation: 4e-07
    time to finalize data and save to files: 0.0333242
    miscellaneous time: 2.66819
    FDTD solver speed on process 0: 13.9884 Mnodes/s
    total FDTD solver speed on 6 processes: 83.9302 Mnodes/s
