Ansys Lumerical 2022 R1 FDTD Solver Version 8.27.2898 (Windows 64bit)
 expires (month/day/year): 4/30/2022
using config file: Ansys Licensing set with ANSYSLMD_LICENSE_FILE
license host: 27025@ansys-tlm.ece.ubc.ca
current time: Sat Feb 12 17:09:36 2022
Running on host: DESKTOP-NJAKNDP
host available memory (GB): 2.634465
All processes are communicating and ready to proceed to simulation...
Running fsp file: C:\Program Files\Lumerical\v221\bin\fdtd-engine-msmpi.exe -t 1 -remote -hide C:/Users/MichaelWu/Desktop/Lasers_final/FDTD/Bragg_Bandstructure_W_sweep/W_sweep_2.fsp
Starting meshing
Simulation size in gridpoints: 1 x 90 x 37
Refined 0 mesh cells (0%)
Completed meshing!
Meshing complete in 0 seconds of CPU time
Starting meshing
Simulation size in gridpoints: 1 x 90 x 37
Refined 0 mesh cells (0%)
Completed meshing!
Meshing complete in 0 seconds of CPU time
Starting meshing
Simulation size in gridpoints: 1 x 90 x 37
Refined 0 mesh cells (0%)
Completed meshing!
Meshing complete in 0.015625 seconds of CPU time
number of processors is 6
processors are distributed as: 1x3x2
Running 3D Simulation
Starting meshing
Simulation size in gridpoints: 7 x 33 x 27
Refined 0 mesh cells (0%)
Completed meshing!
Meshing complete in 0.015625 seconds of CPU time
2736 2736
Starting meshing
Simulation size in gridpoints: 7 x 33 x 27
Refined 0 mesh cells (0%)
Completed meshing!
Meshing complete in 0.015625 seconds of CPU time
2736 2736
Starting meshing
Simulation size in gridpoints: 7 x 33 x 27
Refined 0 mesh cells (0%)
Completed meshing!
Meshing complete in 0.015625 seconds of CPU time
1552 1552
finished material properties
Meshing Time: 0.0333266 seconds, Init Electrical Material Time: 0.0105378 seconds, Init Magnetic Material Time: 3.39e-05
Using selected optimization level: 2
Selecting 3d kernel for splitFieldDirection=0 and optLevel=2
-----------------------------------------
Beginning initialization of 3D Simulation
Starting to add sources to simulation
Adding 3D Mode source propagating in X
Starting to add boundary conditions to simulation
Adding 3D Bloch BC
Adding 3D Bloch BC
Adding 3D Anti-Symmetric BC
Adding 3D Parallel BC
Adding 3D PML BC
Adding 3D Parallel BC
Starting to add monitors to Simulation
Adding analysis monitor
Adding analysis monitor
Adding 3D Time monitor
Adding 3D Time monitor
Adding 3D Time monitor
Adding 3D Time monitor
Adding 3D Time monitor
Adding 3D Time monitor
Adding 3D Time monitor
Adding 3D Time monitor
Adding 3D Time monitor
Adding 3D Time monitor
Finished initialization of 3D Simulation
-----------------------------------------
All processes are communicating and ready to proceed to simulation...
Starting 93911 total iterations
0.0511124% complete. Max time remaining: 41 secs. Auto Shutoff: 1
1.07336% complete. Max time remaining: 40 secs. Auto Shutoff: 1
2.16376% complete. Max time remaining: 44 secs. Auto Shutoff: 1
4.34455% complete. Max time remaining: 42 secs. Auto Shutoff: 0.971025
8.70614% complete. Max time remaining: 38 secs. Auto Shutoff: 1.03232
13.0677% complete. Max time remaining: 36 secs. Auto Shutoff: 1.01483
17.4293% complete. Max time remaining: 34 secs. Auto Shutoff: 0.952604
21.7909% complete. Max time remaining: 32 secs. Auto Shutoff: 0.904135
26.1525% complete. Max time remaining: 30 secs. Auto Shutoff: 0.884669
30.5141% complete. Max time remaining: 29 secs. Auto Shutoff: 0.907106
34.8757% complete. Max time remaining: 27 secs. Auto Shutoff: 0.955113
39.2373% complete. Max time remaining: 25 secs. Auto Shutoff: 1.01912
43.5989% complete. Max time remaining: 23 secs. Auto Shutoff: 1.02903
47.9605% complete. Max time remaining: 21 secs. Auto Shutoff: 0.966613
52.322% complete. Max time remaining: 20 secs. Auto Shutoff: 0.91586
56.6836% complete. Max time remaining: 19 secs. Auto Shutoff: 0.885753
58.8644% complete. Max time remaining: 18 secs. Auto Shutoff: 0.885654
61.0452% complete. Max time remaining: 17 secs. Auto Shutoff: 0.896273
65.4068% complete. Max time remaining: 15 secs. Auto Shutoff: 0.939736
69.7684% complete. Max time remaining: 13 secs. Auto Shutoff: 0.998969
74.13% complete. Max time remaining: 11 secs. Auto Shutoff: 1.03588
78.4916% complete. Max time remaining: 9 secs. Auto Shutoff: 0.981881
82.8532% complete. Max time remaining: 7 secs. Auto Shutoff: 0.929335
87.2148% complete. Max time remaining: 6 secs. Auto Shutoff: 0.890445
91.5764% complete. Max time remaining: 4 secs. Auto Shutoff: 0.888408
95.938% complete. Max time remaining: 2 secs. Auto Shutoff: 0.924652
100% complete. Max time remaining: 0 secs. Auto Shutoff: 0.971681
Completed 93911 iterations, or 1.500005e-12s of Simulation Time
Process 0 starting to collect data
    collecting monitor data
    collecting source data
Finished collecting data
Simulation completed successfully at: Sat Feb 12 17:10:20 2022
Overall wall time measurements in seconds: 45.8192
    time to mesh and initialize: 0.0993365
    time to run FDTD simulation: 43.0135
    time to checkpoint simulation: 6e-07
    time to finalize data and save to files: 0.0339483
    miscellaneous time: 2.6724
    FDTD solver speed on process 0: 13.6172 Mnodes/s
    total FDTD solver speed on 6 processes: 81.7032 Mnodes/s
