Ansys Lumerical 2022 R1 FDTD Solver Version 8.27.2898 (Windows 64bit)
 expires (month/day/year): 4/30/2022
using config file: Ansys Licensing set with ANSYSLMD_LICENSE_FILE
license host: 27025@ansys-tlm.ece.ubc.ca
current time: Sat Feb 12 17:10:22 2022
Running on host: DESKTOP-NJAKNDP
host available memory (GB): 2.628997
All processes are communicating and ready to proceed to simulation...
Running fsp file: C:\Program Files\Lumerical\v221\bin\fdtd-engine-msmpi.exe -t 1 -remote -hide C:/Users/MichaelWu/Desktop/Lasers_final/FDTD/Bragg_Bandstructure_W_sweep/W_sweep_3.fsp
Starting meshing
Simulation size in gridpoints: 1 x 90 x 37
Refined 0 mesh cells (0%)
Completed meshing!
Meshing complete in 0 seconds of CPU time
Starting meshing
Simulation size in gridpoints: 1 x 90 x 37
Refined 0 mesh cells (0%)
Completed meshing!
Meshing complete in 0 seconds of CPU time
Starting meshing
Simulation size in gridpoints: 1 x 90 x 37
Refined 0 mesh cells (0%)
Completed meshing!
Meshing complete in 0 seconds of CPU time
number of processors is 6
processors are distributed as: 1x3x2
Running 3D Simulation
Starting meshing
Simulation size in gridpoints: 7 x 33 x 27
Refined 0 mesh cells (0%)
Completed meshing!
Meshing complete in 0.015625 seconds of CPU time
2352 2352
Starting meshing
Simulation size in gridpoints: 7 x 33 x 27
Refined 0 mesh cells (0%)
Completed meshing!
Meshing complete in 0.015625 seconds of CPU time
2384 2384
Starting meshing
Simulation size in gridpoints: 7 x 33 x 27
Refined 0 mesh cells (0%)
Completed meshing!
Meshing complete in 0.015625 seconds of CPU time
1328 1328
finished material properties
Meshing Time: 0.0315439 seconds, Init Electrical Material Time: 0.015015 seconds, Init Magnetic Material Time: 2.96e-05
Using selected optimization level: 2
Selecting 3d kernel for splitFieldDirection=0 and optLevel=2
-----------------------------------------
Beginning initialization of 3D Simulation
Starting to add sources to simulation
Adding 3D Mode source propagating in X
Starting to add boundary conditions to simulation
Adding 3D Bloch BC
Adding 3D Bloch BC
Adding 3D Anti-Symmetric BC
Adding 3D Parallel BC
Adding 3D PML BC
Adding 3D Parallel BC
Starting to add monitors to Simulation
Adding analysis monitor
Adding analysis monitor
Adding 3D Time monitor
Adding 3D Time monitor
Adding 3D Time monitor
Adding 3D Time monitor
Adding 3D Time monitor
Adding 3D Time monitor
Adding 3D Time monitor
Adding 3D Time monitor
Adding 3D Time monitor
Adding 3D Time monitor
Finished initialization of 3D Simulation
-----------------------------------------
All processes are communicating and ready to proceed to simulation...
Starting 93911 total iterations
0.0511124% complete. Max time remaining: 52 secs. Auto Shutoff: 1
1.07336% complete. Max time remaining: 41 secs. Auto Shutoff: 1
2.16376% complete. Max time remaining: 40 secs. Auto Shutoff: 1
4.34455% complete. Max time remaining: 39 secs. Auto Shutoff: 0.991639
8.70614% complete. Max time remaining: 37 secs. Auto Shutoff: 1.06154
13.0677% complete. Max time remaining: 36 secs. Auto Shutoff: 1.05936
17.4293% complete. Max time remaining: 34 secs. Auto Shutoff: 0.98911
21.7909% complete. Max time remaining: 32 secs. Auto Shutoff: 0.941362
26.1525% complete. Max time remaining: 30 secs. Auto Shutoff: 0.910061
30.5141% complete. Max time remaining: 29 secs. Auto Shutoff: 0.912911
34.8757% complete. Max time remaining: 27 secs. Auto Shutoff: 0.948057
39.2373% complete. Max time remaining: 25 secs. Auto Shutoff: 1.00006
43.5989% complete. Max time remaining: 23 secs. Auto Shutoff: 1.0652
47.9605% complete. Max time remaining: 22 secs. Auto Shutoff: 1.05378
52.322% complete. Max time remaining: 20 secs. Auto Shutoff: 0.982532
56.6836% complete. Max time remaining: 18 secs. Auto Shutoff: 0.936294
61.0452% complete. Max time remaining: 16 secs. Auto Shutoff: 0.907671
65.4068% complete. Max time remaining: 14 secs. Auto Shutoff: 0.914727
69.7684% complete. Max time remaining: 13 secs. Auto Shutoff: 0.953402
74.13% complete. Max time remaining: 11 secs. Auto Shutoff: 1.00877
78.4916% complete. Max time remaining: 9 secs. Auto Shutoff: 1.06706
82.8532% complete. Max time remaining: 7 secs. Auto Shutoff: 1.04596
87.2148% complete. Max time remaining: 5 secs. Auto Shutoff: 0.976982
91.5764% complete. Max time remaining: 4 secs. Auto Shutoff: 0.930463
93.7572% complete. Max time remaining: 3 secs. Auto Shutoff: 0.914321
98.1187% complete. Max time remaining: 1 secs. Auto Shutoff: 0.907271
100% complete. Max time remaining: 0 secs. Auto Shutoff: 0.91553
Completed 93911 iterations, or 1.500005e-12s of Simulation Time
Process 0 starting to collect data
    collecting monitor data
    collecting source data
Finished collecting data
Simulation completed successfully at: Sat Feb 12 17:11:06 2022
Overall wall time measurements in seconds: 45.2937
    time to mesh and initialize: 0.0962542
    time to run FDTD simulation: 42.4949
    time to checkpoint simulation: 9e-07
    time to finalize data and save to files: 0.0347406
    miscellaneous time: 2.66776
    FDTD solver speed on process 0: 13.7834 Mnodes/s
    total FDTD solver speed on 6 processes: 82.7002 Mnodes/s
