Ansys Lumerical 2022 R1 FDTD Solver Version 8.27.2898 (Windows 64bit)
 expires (month/day/year): 4/30/2022
using config file: Ansys Licensing set with ANSYSLMD_LICENSE_FILE
license host: 27025@ansys-tlm.ece.ubc.ca
current time: Sat Feb 12 17:13:29 2022
Running on host: DESKTOP-NJAKNDP
host available memory (GB): 2.615607
All processes are communicating and ready to proceed to simulation...
Running fsp file: C:\Program Files\Lumerical\v221\bin\fdtd-engine-msmpi.exe -t 1 -remote -hide C:/Users/MichaelWu/Desktop/Lasers_final/FDTD/Bragg_Bandstructure_W_sweep/W_sweep_7.fsp
Starting meshing
Simulation size in gridpoints: 1 x 90 x 37
Refined 0 mesh cells (0%)
Completed meshing!
Meshing complete in 0 seconds of CPU time
Starting meshing
Simulation size in gridpoints: 1 x 90 x 37
Refined 0 mesh cells (0%)
Completed meshing!
Meshing complete in 0 seconds of CPU time
Starting meshing
Simulation size in gridpoints: 1 x 90 x 37
Refined 0 mesh cells (0%)
Completed meshing!
Meshing complete in 0 seconds of CPU time
number of processors is 6
processors are distributed as: 1x3x2
Running 3D Simulation
Starting meshing
Simulation size in gridpoints: 7 x 33 x 27
Refined 0 mesh cells (0%)
Completed meshing!
Meshing complete in 0 seconds of CPU time
32 32
Starting meshing
Simulation size in gridpoints: 7 x 33 x 27
Refined 0 mesh cells (0%)
Completed meshing!
Meshing complete in 0 seconds of CPU time
560 560
Starting meshing
Simulation size in gridpoints: 7 x 33 x 27
Refined 0 mesh cells (0%)
Completed meshing!
Meshing complete in 0.015625 seconds of CPU time
112 112
finished material properties
Meshing Time: 0.0288165 seconds, Init Electrical Material Time: 0.0067736 seconds, Init Magnetic Material Time: 2.78e-05
Using selected optimization level: 2
Selecting 3d kernel for splitFieldDirection=0 and optLevel=2
-----------------------------------------
Beginning initialization of 3D Simulation
Starting to add sources to simulation
Adding 3D Mode source propagating in X
Starting to add boundary conditions to simulation
Adding 3D Bloch BC
Adding 3D Bloch BC
Adding 3D Anti-Symmetric BC
Adding 3D Parallel BC
Adding 3D PML BC
Adding 3D Parallel BC
Starting to add monitors to Simulation
Adding analysis monitor
Adding analysis monitor
Adding 3D Time monitor
Adding 3D Time monitor
Adding 3D Time monitor
Adding 3D Time monitor
Adding 3D Time monitor
Adding 3D Time monitor
Adding 3D Time monitor
Adding 3D Time monitor
Adding 3D Time monitor
Adding 3D Time monitor
Finished initialization of 3D Simulation
-----------------------------------------
All processes are communicating and ready to proceed to simulation...
Starting 93911 total iterations
0.0511124% complete. Max time remaining: 44 secs. Auto Shutoff: 1
1.07336% complete. Max time remaining: 40 secs. Auto Shutoff: 1
2.16376% complete. Max time remaining: 40 secs. Auto Shutoff: 1
4.34455% complete. Max time remaining: 38 secs. Auto Shutoff: 1.00948
8.70614% complete. Max time remaining: 37 secs. Auto Shutoff: 1.07427
13.0677% complete. Max time remaining: 35 secs. Auto Shutoff: 1.10591
17.4293% complete. Max time remaining: 34 secs. Auto Shutoff: 1.0926
21.7909% complete. Max time remaining: 32 secs. Auto Shutoff: 1.03819
26.1525% complete. Max time remaining: 31 secs. Auto Shutoff: 0.988902
30.5141% complete. Max time remaining: 29 secs. Auto Shutoff: 0.967486
34.8757% complete. Max time remaining: 27 secs. Auto Shutoff: 0.954233
39.2373% complete. Max time remaining: 25 secs. Auto Shutoff: 0.95295
43.5989% complete. Max time remaining: 23 secs. Auto Shutoff: 0.964485
47.9605% complete. Max time remaining: 21 secs. Auto Shutoff: 0.984328
52.322% complete. Max time remaining: 20 secs. Auto Shutoff: 1.02663
56.6836% complete. Max time remaining: 18 secs. Auto Shutoff: 1.08459
61.0452% complete. Max time remaining: 16 secs. Auto Shutoff: 1.10532
65.4068% complete. Max time remaining: 14 secs. Auto Shutoff: 1.08112
69.7684% complete. Max time remaining: 12 secs. Auto Shutoff: 1.01901
74.13% complete. Max time remaining: 11 secs. Auto Shutoff: 0.981969
76.3108% complete. Max time remaining: 10 secs. Auto Shutoff: 0.970901
78.4916% complete. Max time remaining: 9 secs. Auto Shutoff: 0.96194
82.8532% complete. Max time remaining: 7 secs. Auto Shutoff: 0.951314
87.2148% complete. Max time remaining: 5 secs. Auto Shutoff: 0.953439
91.5764% complete. Max time remaining: 4 secs. Auto Shutoff: 0.967654
95.938% complete. Max time remaining: 2 secs. Auto Shutoff: 0.988645
100% complete. Max time remaining: 0 secs. Auto Shutoff: 1.03757
Completed 93911 iterations, or 1.500005e-12s of Simulation Time
Process 0 starting to collect data
    collecting monitor data
    collecting source data
Finished collecting data
Simulation completed successfully at: Sat Feb 12 17:14:12 2022
Overall wall time measurements in seconds: 45.772
    time to mesh and initialize: 0.118483
    time to run FDTD simulation: 42.9675
    time to checkpoint simulation: 6e-07
    time to finalize data and save to files: 0.0336126
    miscellaneous time: 2.65235
    FDTD solver speed on process 0: 13.6318 Mnodes/s
    total FDTD solver speed on 6 processes: 81.7906 Mnodes/s
