Ansys Lumerical 2022 R1 FDTD Solver Version 8.27.2898 (Windows 64bit)
 expires (month/day/year): 4/30/2022
using config file: Ansys Licensing set with ANSYSLMD_LICENSE_FILE
license host: 27025@ansys-tlm.ece.ubc.ca
current time: Sat Feb 12 19:49:35 2022
Running on host: DESKTOP-NJAKNDP
host available memory (GB): 1.690255
All processes are communicating and ready to proceed to simulation...
Running fsp file: C:\Program Files\Lumerical\v221\bin\fdtd-engine-msmpi.exe -t 1 -remote -hide C:/Users/MichaelWu/Desktop/Lasers_final/FDTD/Bragg_Bandstructure_dW_sweep/dW_sweep_7.fsp
Starting meshing
Simulation size in gridpoints: 1 x 90 x 37
Refined 0 mesh cells (0%)
Completed meshing!
Meshing complete in 0 seconds of CPU time
Starting meshing
Simulation size in gridpoints: 1 x 90 x 37
Refined 0 mesh cells (0%)
Completed meshing!
Meshing complete in 0 seconds of CPU time
Starting meshing
Simulation size in gridpoints: 1 x 90 x 37
Refined 0 mesh cells (0%)
Completed meshing!
Meshing complete in 0 seconds of CPU time
number of processors is 6
processors are distributed as: 1x3x2
Running 3D Simulation
Starting meshing
Simulation size in gridpoints: 7 x 33 x 27
Refined 0 mesh cells (0%)
Completed meshing!
Meshing complete in 0.015625 seconds of CPU time
1920 1920
Starting meshing
Simulation size in gridpoints: 7 x 33 x 27
Refined 0 mesh cells (0%)
Completed meshing!
Meshing complete in 0 seconds of CPU time
1952 1952
Starting meshing
Simulation size in gridpoints: 7 x 33 x 27
Refined 0 mesh cells (0%)
Completed meshing!
Meshing complete in 0.015625 seconds of CPU time
1120 1120
finished material properties
Meshing Time: 0.0525541 seconds, Init Electrical Material Time: 0.0089419 seconds, Init Magnetic Material Time: 2.99e-05
Using selected optimization level: 2
Selecting 3d kernel for splitFieldDirection=0 and optLevel=2
-----------------------------------------
Beginning initialization of 3D Simulation
Starting to add sources to simulation
Adding 3D Mode source propagating in X
Starting to add boundary conditions to simulation
Adding 3D Bloch BC
Adding 3D Bloch BC
Adding 3D Anti-Symmetric BC
Adding 3D Parallel BC
Adding 3D PML BC
Adding 3D Parallel BC
Starting to add monitors to Simulation
Adding analysis monitor
Adding analysis monitor
Adding 3D Time monitor
Adding 3D Time monitor
Adding 3D Time monitor
Adding 3D Time monitor
Adding 3D Time monitor
Adding 3D Time monitor
Adding 3D Time monitor
Adding 3D Time monitor
Adding 3D Time monitor
Adding 3D Time monitor
Finished initialization of 3D Simulation
-----------------------------------------
All processes are communicating and ready to proceed to simulation...
Starting 93911 total iterations
0.0511124% complete. Max time remaining: 4 mins, 21 secs. Auto Shutoff: 1
1.07336% complete. Max time remaining: 2 mins, 31 secs. Auto Shutoff: 1
2.16376% complete. Max time remaining: 1 min, 39 secs. Auto Shutoff: 1
4.34455% complete. Max time remaining: 1 min, 24 secs. Auto Shutoff: 1.01301
6.52535% complete. Max time remaining: 1 min, 13 secs. Auto Shutoff: 1.05706
8.70614% complete. Max time remaining: 1 min, 4 secs. Auto Shutoff: 1.08226
10.8869% complete. Max time remaining: 59 secs. Auto Shutoff: 1.08373
13.0677% complete. Max time remaining: 54 secs. Auto Shutoff: 1.05949
17.4293% complete. Max time remaining: 49 secs. Auto Shutoff: 0.972827
19.6101% complete. Max time remaining: 47 secs. Auto Shutoff: 0.93161
21.7909% complete. Max time remaining: 45 secs. Auto Shutoff: 0.900052
23.9717% complete. Max time remaining: 42 secs. Auto Shutoff: 0.882247
28.3333% complete. Max time remaining: 39 secs. Auto Shutoff: 0.899581
32.6949% complete. Max time remaining: 36 secs. Auto Shutoff: 0.969915
34.8757% complete. Max time remaining: 34 secs. Auto Shutoff: 1.01283
39.2373% complete. Max time remaining: 32 secs. Auto Shutoff: 1.08223
41.4181% complete. Max time remaining: 30 secs. Auto Shutoff: 1.08219
43.5989% complete. Max time remaining: 29 secs. Auto Shutoff: 1.0565
45.7797% complete. Max time remaining: 28 secs. Auto Shutoff: 1.01257
50.1413% complete. Max time remaining: 26 secs. Auto Shutoff: 0.930472
52.322% complete. Max time remaining: 25 secs. Auto Shutoff: 0.897821
56.6836% complete. Max time remaining: 22 secs. Auto Shutoff: 0.881516
58.8644% complete. Max time remaining: 21 secs. Auto Shutoff: 0.900482
63.226% complete. Max time remaining: 19 secs. Auto Shutoff: 0.971674
65.4068% complete. Max time remaining: 18 secs. Auto Shutoff: 1.01518
67.5876% complete. Max time remaining: 17 secs. Auto Shutoff: 1.05969
71.9492% complete. Max time remaining: 14 secs. Auto Shutoff: 1.08057
74.13% complete. Max time remaining: 13 secs. Auto Shutoff: 1.05527
76.3108% complete. Max time remaining: 12 secs. Auto Shutoff: 1.00866
80.6724% complete. Max time remaining: 10 secs. Auto Shutoff: 0.927529
82.8532% complete. Max time remaining: 9 secs. Auto Shutoff: 0.895647
85.034% complete. Max time remaining: 8 secs. Auto Shutoff: 0.879866
87.2148% complete. Max time remaining: 6 secs. Auto Shutoff: 0.88146
91.5764% complete. Max time remaining: 4 secs. Auto Shutoff: 0.934022
93.7572% complete. Max time remaining: 3 secs. Auto Shutoff: 0.973428
95.938% complete. Max time remaining: 2 secs. Auto Shutoff: 1.01746
98.1187% complete. Max time remaining: 1 secs. Auto Shutoff: 1.0609
100% complete. Max time remaining: 0 secs. Auto Shutoff: 1.08023
Completed 93911 iterations, or 1.500005e-12s of Simulation Time
Process 0 starting to collect data
    collecting monitor data
    collecting source data
Finished collecting data
Simulation completed successfully at: Sat Feb 12 19:50:26 2022
Overall wall time measurements in seconds: 52.902
    time to mesh and initialize: 0.114517
    time to run FDTD simulation: 49.9458
    time to checkpoint simulation: 5e-07
    time to finalize data and save to files: 0.0352733
    miscellaneous time: 2.80634
    FDTD solver speed on process 0: 11.7272 Mnodes/s
    total FDTD solver speed on 6 processes: 70.363 Mnodes/s
