Ansys Lumerical 2022 R1 FDTD Solver Version 8.27.2898 (Windows 64bit)
 expires (month/day/year): 4/30/2022
using config file: Ansys Licensing set with ANSYSLMD_LICENSE_FILE
license host: 27025@ansys-tlm.ece.ubc.ca
current time: Sat Feb 12 19:48:45 2022
Running on host: DESKTOP-NJAKNDP
host available memory (GB): 1.512473
All processes are communicating and ready to proceed to simulation...
Running fsp file: C:\Program Files\Lumerical\v221\bin\fdtd-engine-msmpi.exe -t 1 -remote -hide C:/Users/MichaelWu/Desktop/Lasers_final/FDTD/Bragg_Bandstructure_dW_sweep/dW_sweep_6.fsp
Starting meshing
Simulation size in gridpoints: 1 x 90 x 37
Refined 0 mesh cells (0%)
Completed meshing!
Meshing complete in 0 seconds of CPU time
Starting meshing
Simulation size in gridpoints: 1 x 90 x 37
Refined 0 mesh cells (0%)
Completed meshing!
Meshing complete in 0.015625 seconds of CPU time
Starting meshing
Simulation size in gridpoints: 1 x 90 x 37
Refined 0 mesh cells (0%)
Completed meshing!
Meshing complete in 0 seconds of CPU time
number of processors is 6
processors are distributed as: 1x3x2
Running 3D Simulation
Starting meshing
Simulation size in gridpoints: 7 x 33 x 27
Refined 0 mesh cells (0%)
Completed meshing!
Meshing complete in 0.015625 seconds of CPU time
1488 1488
Starting meshing
Simulation size in gridpoints: 7 x 33 x 27
Refined 0 mesh cells (0%)
Completed meshing!
Meshing complete in 0.015625 seconds of CPU time
1520 1520
Starting meshing
Simulation size in gridpoints: 7 x 33 x 27
Refined 0 mesh cells (0%)
Completed meshing!
Meshing complete in 0.015625 seconds of CPU time
896 896
finished material properties
Meshing Time: 0.0350746 seconds, Init Electrical Material Time: 0.0114288 seconds, Init Magnetic Material Time: 3.06e-05
Using selected optimization level: 2
Selecting 3d kernel for splitFieldDirection=0 and optLevel=2
-----------------------------------------
Beginning initialization of 3D Simulation
Starting to add sources to simulation
Adding 3D Mode source propagating in X
Starting to add boundary conditions to simulation
Adding 3D Bloch BC
Adding 3D Bloch BC
Adding 3D Anti-Symmetric BC
Adding 3D Parallel BC
Adding 3D PML BC
Adding 3D Parallel BC
Starting to add monitors to Simulation
Adding analysis monitor
Adding analysis monitor
Adding 3D Time monitor
Adding 3D Time monitor
Adding 3D Time monitor
Adding 3D Time monitor
Adding 3D Time monitor
Adding 3D Time monitor
Adding 3D Time monitor
Adding 3D Time monitor
Adding 3D Time monitor
Adding 3D Time monitor
Finished initialization of 3D Simulation
-----------------------------------------
All processes are communicating and ready to proceed to simulation...
Starting 93911 total iterations
0.0511124% complete. Max time remaining: 1 min, 1 secs. Auto Shutoff: 1
1.07336% complete. Max time remaining: 1 min, 13 secs. Auto Shutoff: 1
2.16376% complete. Max time remaining: 58 secs. Auto Shutoff: 1
4.34455% complete. Max time remaining: 52 secs. Auto Shutoff: 1.01121
6.52535% complete. Max time remaining: 49 secs. Auto Shutoff: 1.05132
8.70614% complete. Max time remaining: 45 secs. Auto Shutoff: 1.08001
13.0677% complete. Max time remaining: 41 secs. Auto Shutoff: 1.08925
17.4293% complete. Max time remaining: 37 secs. Auto Shutoff: 1.03367
21.7909% complete. Max time remaining: 34 secs. Auto Shutoff: 0.967329
26.1525% complete. Max time remaining: 32 secs. Auto Shutoff: 0.92451
30.5141% complete. Max time remaining: 30 secs. Auto Shutoff: 0.910876
34.8757% complete. Max time remaining: 30 secs. Auto Shutoff: 0.934035
37.0565% complete. Max time remaining: 29 secs. Auto Shutoff: 0.957197
41.4181% complete. Max time remaining: 27 secs. Auto Shutoff: 1.01454
45.7797% complete. Max time remaining: 25 secs. Auto Shutoff: 1.08203
50.1413% complete. Max time remaining: 22 secs. Auto Shutoff: 1.08688
54.5028% complete. Max time remaining: 20 secs. Auto Shutoff: 1.02669
58.8644% complete. Max time remaining: 18 secs. Auto Shutoff: 0.962709
63.226% complete. Max time remaining: 16 secs. Auto Shutoff: 0.921451
67.5876% complete. Max time remaining: 14 secs. Auto Shutoff: 0.910549
71.9492% complete. Max time remaining: 12 secs. Auto Shutoff: 0.936077
74.13% complete. Max time remaining: 11 secs. Auto Shutoff: 0.958688
76.3108% complete. Max time remaining: 11 secs. Auto Shutoff: 0.985375
78.4916% complete. Max time remaining: 10 secs. Auto Shutoff: 1.01992
80.6724% complete. Max time remaining: 9 secs. Auto Shutoff: 1.05761
82.8532% complete. Max time remaining: 8 secs. Auto Shutoff: 1.08368
87.2148% complete. Max time remaining: 6 secs. Auto Shutoff: 1.08357
89.3956% complete. Max time remaining: 5 secs. Auto Shutoff: 1.05895
91.5764% complete. Max time remaining: 4 secs. Auto Shutoff: 1.01957
93.7572% complete. Max time remaining: 3 secs. Auto Shutoff: 0.984932
98.1187% complete. Max time remaining: 1 secs. Auto Shutoff: 0.93545
100% complete. Max time remaining: 0 secs. Auto Shutoff: 0.92063
Completed 93911 iterations, or 1.500005e-12s of Simulation Time
Process 0 starting to collect data
    collecting monitor data
    collecting source data
Finished collecting data
Simulation completed successfully at: Sat Feb 12 19:49:32 2022
Overall wall time measurements in seconds: 49.8811
    time to mesh and initialize: 0.128758
    time to run FDTD simulation: 46.9203
    time to checkpoint simulation: 4e-07
    time to finalize data and save to files: 0.0373301
    miscellaneous time: 2.7947
    FDTD solver speed on process 0: 12.4834 Mnodes/s
    total FDTD solver speed on 6 processes: 74.9001 Mnodes/s
