Ansys Lumerical 2022 R1 FDTD Solver Version 8.27.2898 (Windows 64bit)
 expires (month/day/year): 4/30/2022
using config file: Ansys Licensing set with ANSYSLMD_LICENSE_FILE
license host: 27025@ansys-tlm.ece.ubc.ca
current time: Sat Feb 12 19:00:52 2022
Running on host: DESKTOP-NJAKNDP
host available memory (GB): 2.645283
All processes are communicating and ready to proceed to simulation...
Running fsp file: C:\Program Files\Lumerical\v221\bin\fdtd-engine-msmpi.exe -t 1 -remote -hide C:/Users/MichaelWu/Desktop/Lasers_final/FDTD/Bragg_Bandstructure_dW_sweep/dW_sweep_20.fsp
Starting meshing
Simulation size in gridpoints: 1 x 90 x 37
Refined 0 mesh cells (0%)
Completed meshing!
Meshing complete in 0 seconds of CPU time
Starting meshing
Simulation size in gridpoints: 1 x 90 x 37
Refined 0 mesh cells (0%)
Completed meshing!
Meshing complete in 0 seconds of CPU time
Starting meshing
Simulation size in gridpoints: 1 x 90 x 37
Refined 0 mesh cells (0%)
Completed meshing!
Meshing complete in 0.015625 seconds of CPU time
number of processors is 6
processors are distributed as: 1x3x2
Running 3D Simulation
Starting meshing
Simulation size in gridpoints: 7 x 33 x 27
Refined 0 mesh cells (0%)
Completed meshing!
Meshing complete in 0.03125 seconds of CPU time
13920 13920
Starting meshing
Simulation size in gridpoints: 7 x 33 x 27
Refined 0 mesh cells (0%)
Completed meshing!
Meshing complete in 0.03125 seconds of CPU time
4640 4640
Starting meshing
Simulation size in gridpoints: 7 x 33 x 27
Refined 0 mesh cells (0%)
Completed meshing!
Meshing complete in 0.046875 seconds of CPU time
16704 16704
finished material properties
Meshing Time: 0.0879359 seconds, Init Electrical Material Time: 0.0255908 seconds, Init Magnetic Material Time: 3.06e-05
Using selected optimization level: 2
Selecting 3d kernel for splitFieldDirection=0 and optLevel=2
-----------------------------------------
Beginning initialization of 3D Simulation
Starting to add sources to simulation
Adding 3D Mode source propagating in X
Starting to add boundary conditions to simulation
Adding 3D Bloch BC
Adding 3D Bloch BC
Adding 3D Anti-Symmetric BC
Adding 3D Parallel BC
Adding 3D PML BC
Adding 3D Parallel BC
Starting to add monitors to Simulation
Adding analysis monitor
Adding analysis monitor
Adding 3D Time monitor
Adding 3D Time monitor
Adding 3D Time monitor
Adding 3D Time monitor
Adding 3D Time monitor
Adding 3D Time monitor
Adding 3D Time monitor
Adding 3D Time monitor
Adding 3D Time monitor
Adding 3D Time monitor
Finished initialization of 3D Simulation
-----------------------------------------
All processes are communicating and ready to proceed to simulation...
Starting 93911 total iterations
0.0511124% complete. Max time remaining: 51 secs. Auto Shutoff: 1
1.07336% complete. Max time remaining: 48 secs. Auto Shutoff: 1
2.16376% complete. Max time remaining: 49 secs. Auto Shutoff: 1
4.34455% complete. Max time remaining: 47 secs. Auto Shutoff: 0.995641
6.52535% complete. Max time remaining: 46 secs. Auto Shutoff: 0.999146
8.70614% complete. Max time remaining: 45 secs. Auto Shutoff: 1.00593
10.8869% complete. Max time remaining: 44 secs. Auto Shutoff: 1.00037
13.0677% complete. Max time remaining: 43 secs. Auto Shutoff: 0.998573
15.2485% complete. Max time remaining: 51 secs. Auto Shutoff: 0.993923
16.3389% complete. Max time remaining: 49 secs. Auto Shutoff: 0.991694
18.5197% complete. Max time remaining: 47 secs. Auto Shutoff: 0.989255
20.7005% complete. Max time remaining: 45 secs. Auto Shutoff: 0.988719
22.8813% complete. Max time remaining: 44 secs. Auto Shutoff: 0.991024
25.0621% complete. Max time remaining: 42 secs. Auto Shutoff: 0.99452
27.2429% complete. Max time remaining: 41 secs. Auto Shutoff: 0.99479
29.4237% complete. Max time remaining: 39 secs. Auto Shutoff: 1.00235
31.6045% complete. Max time remaining: 38 secs. Auto Shutoff: 0.992014
33.7853% complete. Max time remaining: 36 secs. Auto Shutoff: 0.987273
35.9661% complete. Max time remaining: 35 secs. Auto Shutoff: 0.98515
38.1469% complete. Max time remaining: 33 secs. Auto Shutoff: 0.983208
40.3277% complete. Max time remaining: 32 secs. Auto Shutoff: 0.984824
42.5085% complete. Max time remaining: 31 secs. Auto Shutoff: 0.988321
44.6893% complete. Max time remaining: 30 secs. Auto Shutoff: 0.988759
46.8701% complete. Max time remaining: 28 secs. Auto Shutoff: 0.998445
49.0509% complete. Max time remaining: 27 secs. Auto Shutoff: 0.987595
51.2317% complete. Max time remaining: 26 secs. Auto Shutoff: 0.985312
53.4124% complete. Max time remaining: 25 secs. Auto Shutoff: 0.980705
55.5932% complete. Max time remaining: 24 secs. Auto Shutoff: 0.977976
57.774% complete. Max time remaining: 22 secs. Auto Shutoff: 0.978777
59.9548% complete. Max time remaining: 21 secs. Auto Shutoff: 0.979091
62.1356% complete. Max time remaining: 20 secs. Auto Shutoff: 0.98262
64.3164% complete. Max time remaining: 19 secs. Auto Shutoff: 0.99184
66.4972% complete. Max time remaining: 18 secs. Auto Shutoff: 0.99287
68.678% complete. Max time remaining: 17 secs. Auto Shutoff: 0.980952
70.8588% complete. Max time remaining: 16 secs. Auto Shutoff: 0.976366
73.0396% complete. Max time remaining: 14 secs. Auto Shutoff: 0.972973
75.2204% complete. Max time remaining: 13 secs. Auto Shutoff: 0.971785
77.4012% complete. Max time remaining: 12 secs. Auto Shutoff: 0.973026
79.582% complete. Max time remaining: 11 secs. Auto Shutoff: 0.97644
81.7628% complete. Max time remaining: 10 secs. Auto Shutoff: 0.982574
83.9436% complete. Max time remaining: 8 secs. Auto Shutoff: 0.987569
86.1244% complete. Max time remaining: 7 secs. Auto Shutoff: 0.976522
88.3052% complete. Max time remaining: 6 secs. Auto Shutoff: 0.972151
90.486% complete. Max time remaining: 5 secs. Auto Shutoff: 0.96974
92.6668% complete. Max time remaining: 4 secs. Auto Shutoff: 0.966709
94.8476% complete. Max time remaining: 3 secs. Auto Shutoff: 0.967108
97.0284% complete. Max time remaining: 2 secs. Auto Shutoff: 0.970234
99.2091% complete. Max time remaining: 0 secs. Auto Shutoff: 0.970692
Completed 93911 iterations, or 1.500005e-12s of Simulation Time
Process 0 starting to collect data
    collecting monitor data
    collecting source data
Finished collecting data
Simulation completed successfully at: Sat Feb 12 19:01:45 2022
Overall wall time measurements in seconds: 55.3641
    time to mesh and initialize: 0.211856
    time to run FDTD simulation: 52.4405
    time to checkpoint simulation: 7e-07
    time to finalize data and save to files: 0.0307172
    miscellaneous time: 2.68098
    FDTD solver speed on process 0: 11.1693 Mnodes/s
    total FDTD solver speed on 6 processes: 67.0157 Mnodes/s
