Ansys Lumerical 2022 R1 FDTD Solver Version 8.27.2898 (Windows 64bit)
 expires (month/day/year): 4/30/2022
using config file: Ansys Licensing set with ANSYSLMD_LICENSE_FILE
license host: 27025@ansys-tlm.ece.ubc.ca
current time: Sat Feb 12 18:57:06 2022
Running on host: DESKTOP-NJAKNDP
host available memory (GB): 2.578514
All processes are communicating and ready to proceed to simulation...
Running fsp file: C:\Program Files\Lumerical\v221\bin\fdtd-engine-msmpi.exe -t 1 -remote -hide C:/Users/MichaelWu/Desktop/Lasers_final/FDTD/Bragg_Bandstructure_dW_sweep/dW_sweep_16.fsp
Starting meshing
Simulation size in gridpoints: 1 x 90 x 37
Refined 0 mesh cells (0%)
Completed meshing!
Meshing complete in 0 seconds of CPU time
Starting meshing
Simulation size in gridpoints: 1 x 90 x 37
Refined 0 mesh cells (0%)
Completed meshing!
Meshing complete in 0 seconds of CPU time
Starting meshing
Simulation size in gridpoints: 1 x 90 x 37
Refined 0 mesh cells (0%)
Completed meshing!
Meshing complete in 0.015625 seconds of CPU time
number of processors is 6
processors are distributed as: 1x3x2
Running 3D Simulation
Starting meshing
Simulation size in gridpoints: 7 x 33 x 27
Refined 0 mesh cells (0%)
Completed meshing!
Meshing complete in 0.046875 seconds of CPU time
13920 13920
Starting meshing
Simulation size in gridpoints: 7 x 33 x 27
Refined 0 mesh cells (0%)
Completed meshing!
Meshing complete in 0.03125 seconds of CPU time
4640 4640
Starting meshing
Simulation size in gridpoints: 7 x 33 x 27
Refined 0 mesh cells (0%)
Completed meshing!
Meshing complete in 0.03125 seconds of CPU time
16704 16704
finished material properties
Meshing Time: 0.0930772 seconds, Init Electrical Material Time: 0.021112 seconds, Init Magnetic Material Time: 3.41e-05
Using selected optimization level: 2
Selecting 3d kernel for splitFieldDirection=0 and optLevel=2
-----------------------------------------
Beginning initialization of 3D Simulation
Starting to add sources to simulation
Adding 3D Mode source propagating in X
Starting to add boundary conditions to simulation
Adding 3D Bloch BC
Adding 3D Bloch BC
Adding 3D Anti-Symmetric BC
Adding 3D Parallel BC
Adding 3D PML BC
Adding 3D Parallel BC
Starting to add monitors to Simulation
Adding analysis monitor
Adding analysis monitor
Adding 3D Time monitor
Adding 3D Time monitor
Adding 3D Time monitor
Adding 3D Time monitor
Adding 3D Time monitor
Adding 3D Time monitor
Adding 3D Time monitor
Adding 3D Time monitor
Adding 3D Time monitor
Adding 3D Time monitor
Finished initialization of 3D Simulation
-----------------------------------------
All processes are communicating and ready to proceed to simulation...
Starting 93911 total iterations
0.0511124% complete. Max time remaining: 1 min, 13 secs. Auto Shutoff: 1
1.07336% complete. Max time remaining: 2 mins, 24 secs. Auto Shutoff: 1
2.16376% complete. Max time remaining: 2 mins, 17 secs. Auto Shutoff: 1
3.25416% complete. Max time remaining: 2 mins, 24 secs. Auto Shutoff: 1
4.34455% complete. Max time remaining: 2 mins, 13 secs. Auto Shutoff: 0.997132
5.43495% complete. Max time remaining: 2 mins, 44 secs. Auto Shutoff: 0.999162
7.07055% complete. Max time remaining: 2 mins, 27 secs. Auto Shutoff: 0.994283
8.16094% complete. Max time remaining: 2 mins, 22 secs. Auto Shutoff: 0.99426
9.25134% complete. Max time remaining: 2 mins, 16 secs. Auto Shutoff: 0.99531
10.3417% complete. Max time remaining: 2 mins, 17 secs. Auto Shutoff: 0.996959
11.4321% complete. Max time remaining: 2 mins, 10 secs. Auto Shutoff: 0.99688
13.6129% complete. Max time remaining: 1 min, 56 secs. Auto Shutoff: 1.00967
15.7937% complete. Max time remaining: 1 min, 43 secs. Auto Shutoff: 0.998565
17.9745% complete. Max time remaining: 1 min, 33 secs. Auto Shutoff: 0.994569
20.1553% complete. Max time remaining: 1 min, 25 secs. Auto Shutoff: 0.99252
22.3361% complete. Max time remaining: 1 min, 18 secs. Auto Shutoff: 0.993006
24.5169% complete. Max time remaining: 1 min, 13 secs. Auto Shutoff: 0.996386
26.6977% complete. Max time remaining: 1 min, 7 secs. Auto Shutoff: 1.01148
28.8785% complete. Max time remaining: 1 min, 3 secs. Auto Shutoff: 1.00034
31.0593% complete. Max time remaining: 59 secs. Auto Shutoff: 0.993073
33.2401% complete. Max time remaining: 56 secs. Auto Shutoff: 0.990421
35.4209% complete. Max time remaining: 52 secs. Auto Shutoff: 0.990673
37.6017% complete. Max time remaining: 49 secs. Auto Shutoff: 0.994089
39.7825% complete. Max time remaining: 46 secs. Auto Shutoff: 1.00958
41.9633% complete. Max time remaining: 44 secs. Auto Shutoff: 0.994247
44.1441% complete. Max time remaining: 41 secs. Auto Shutoff: 0.991578
46.3249% complete. Max time remaining: 39 secs. Auto Shutoff: 0.988645
48.5057% complete. Max time remaining: 37 secs. Auto Shutoff: 0.989717
50.6865% complete. Max time remaining: 35 secs. Auto Shutoff: 0.991723
52.8672% complete. Max time remaining: 33 secs. Auto Shutoff: 1.00631
55.048% complete. Max time remaining: 31 secs. Auto Shutoff: 0.992776
57.2288% complete. Max time remaining: 29 secs. Auto Shutoff: 0.98841
59.4096% complete. Max time remaining: 27 secs. Auto Shutoff: 0.986857
61.5904% complete. Max time remaining: 26 secs. Auto Shutoff: 0.987469
63.7712% complete. Max time remaining: 24 secs. Auto Shutoff: 0.991061
65.952% complete. Max time remaining: 22 secs. Auto Shutoff: 1.00538
68.1328% complete. Max time remaining: 21 secs. Auto Shutoff: 0.991222
70.3136% complete. Max time remaining: 19 secs. Auto Shutoff: 0.987084
72.4944% complete. Max time remaining: 17 secs. Auto Shutoff: 0.984625
74.6752% complete. Max time remaining: 16 secs. Auto Shutoff: 0.985304
76.856% complete. Max time remaining: 14 secs. Auto Shutoff: 0.988604
79.0368% complete. Max time remaining: 13 secs. Auto Shutoff: 1.00393
81.2176% complete. Max time remaining: 12 secs. Auto Shutoff: 0.988025
83.3984% complete. Max time remaining: 10 secs. Auto Shutoff: 0.98574
85.5792% complete. Max time remaining: 9 secs. Auto Shutoff: 0.98275
87.76% complete. Max time remaining: 8 secs. Auto Shutoff: 0.984529
88.8504% complete. Max time remaining: 7 secs. Auto Shutoff: 0.986458
91.0312% complete. Max time remaining: 6 secs. Auto Shutoff: 0.988737
93.212% complete. Max time remaining: 4 secs. Auto Shutoff: 0.997202
95.3928% complete. Max time remaining: 3 secs. Auto Shutoff: 0.98445
97.5735% complete. Max time remaining: 1 secs. Auto Shutoff: 0.981316
99.7543% complete. Max time remaining: 0 secs. Auto Shutoff: 0.980911
Completed 93911 iterations, or 1.500005e-12s of Simulation Time
Process 0 starting to collect data
    collecting monitor data
    collecting source data
Finished collecting data
Simulation completed successfully at: Sat Feb 12 18:58:08 2022
Overall wall time measurements in seconds: 64.1568
    time to mesh and initialize: 0.216161
    time to run FDTD simulation: 61.2153
    time to checkpoint simulation: 4e-07
    time to finalize data and save to files: 0.0343165
    miscellaneous time: 2.69102
    FDTD solver speed on process 0: 9.56824 Mnodes/s
    total FDTD solver speed on 6 processes: 57.4095 Mnodes/s
