Ansys Lumerical 2022 R1 FDTD Solver Version 8.27.2898 (Windows 64bit)
 expires (month/day/year): 4/30/2022
using config file: Ansys Licensing set with ANSYSLMD_LICENSE_FILE
license host: 27025@ansys-tlm.ece.ubc.ca
current time: Sat Feb 12 18:52:00 2022
Running on host: DESKTOP-NJAKNDP
host available memory (GB): 2.693296
All processes are communicating and ready to proceed to simulation...
Running fsp file: C:\Program Files\Lumerical\v221\bin\fdtd-engine-msmpi.exe -t 1 -remote -hide C:/Users/MichaelWu/Desktop/Lasers_final/FDTD/Bragg_Bandstructure_dW_sweep/dW_sweep_13.fsp
Starting meshing
Simulation size in gridpoints: 1 x 90 x 37
Refined 0 mesh cells (0%)
Completed meshing!
Meshing complete in 0.015625 seconds of CPU time
Starting meshing
Simulation size in gridpoints: 1 x 90 x 37
Refined 0 mesh cells (0%)
Completed meshing!
Meshing complete in 0 seconds of CPU time
Starting meshing
Simulation size in gridpoints: 1 x 90 x 37
Refined 0 mesh cells (0%)
Completed meshing!
Meshing complete in 0 seconds of CPU time
number of processors is 6
processors are distributed as: 1x3x2
Running 3D Simulation
Starting meshing
Simulation size in gridpoints: 7 x 33 x 27
Refined 0 mesh cells (0%)
Completed meshing!
Meshing complete in 0.046875 seconds of CPU time
13920 13920
Starting meshing
Simulation size in gridpoints: 7 x 33 x 27
Refined 0 mesh cells (0%)
Completed meshing!
Meshing complete in 0.03125 seconds of CPU time
4640 4640
Starting meshing
Simulation size in gridpoints: 7 x 33 x 27
Refined 0 mesh cells (0%)
Completed meshing!
Meshing complete in 0.015625 seconds of CPU time
16704 16704
finished material properties
Meshing Time: 0.0761833 seconds, Init Electrical Material Time: 0.0208874 seconds, Init Magnetic Material Time: 4.11e-05
Using selected optimization level: 2
Selecting 3d kernel for splitFieldDirection=0 and optLevel=2
-----------------------------------------
Beginning initialization of 3D Simulation
Starting to add sources to simulation
Adding 3D Mode source propagating in X
Starting to add boundary conditions to simulation
Adding 3D Bloch BC
Adding 3D Bloch BC
Adding 3D Anti-Symmetric BC
Adding 3D Parallel BC
Adding 3D PML BC
Adding 3D Parallel BC
Starting to add monitors to Simulation
Adding analysis monitor
Adding analysis monitor
Adding 3D Time monitor
Adding 3D Time monitor
Adding 3D Time monitor
Adding 3D Time monitor
Adding 3D Time monitor
Adding 3D Time monitor
Adding 3D Time monitor
Adding 3D Time monitor
Adding 3D Time monitor
Adding 3D Time monitor
Finished initialization of 3D Simulation
-----------------------------------------
All processes are communicating and ready to proceed to simulation...
Starting 93911 total iterations
0.0511124% complete. Max time remaining: 56 secs. Auto Shutoff: 1
1.07336% complete. Max time remaining: 59 secs. Auto Shutoff: 1
2.16376% complete. Max time remaining: 52 secs. Auto Shutoff: 1
4.34455% complete. Max time remaining: 49 secs. Auto Shutoff: 0.999744
6.52535% complete. Max time remaining: 47 secs. Auto Shutoff: 1.01443
8.70614% complete. Max time remaining: 46 secs. Auto Shutoff: 0.998661
10.8869% complete. Max time remaining: 45 secs. Auto Shutoff: 0.99625
13.0677% complete. Max time remaining: 44 secs. Auto Shutoff: 0.99736
15.2485% complete. Max time remaining: 42 secs. Auto Shutoff: 1.00915
17.4293% complete. Max time remaining: 41 secs. Auto Shutoff: 0.999282
19.6101% complete. Max time remaining: 40 secs. Auto Shutoff: 0.996678
21.7909% complete. Max time remaining: 39 secs. Auto Shutoff: 0.995433
23.9717% complete. Max time remaining: 38 secs. Auto Shutoff: 0.998511
26.1525% complete. Max time remaining: 37 secs. Auto Shutoff: 1.00924
28.3333% complete. Max time remaining: 35 secs. Auto Shutoff: 0.997296
30.5141% complete. Max time remaining: 34 secs. Auto Shutoff: 0.994304
32.6949% complete. Max time remaining: 33 secs. Auto Shutoff: 0.996135
34.8757% complete. Max time remaining: 32 secs. Auto Shutoff: 1.01133
37.0565% complete. Max time remaining: 31 secs. Auto Shutoff: 0.999214
39.2373% complete. Max time remaining: 30 secs. Auto Shutoff: 0.994126
41.4181% complete. Max time remaining: 29 secs. Auto Shutoff: 0.993918
43.5989% complete. Max time remaining: 28 secs. Auto Shutoff: 0.995974
45.7797% complete. Max time remaining: 27 secs. Auto Shutoff: 1.01041
47.9605% complete. Max time remaining: 26 secs. Auto Shutoff: 0.994591
50.1413% complete. Max time remaining: 25 secs. Auto Shutoff: 0.992371
52.322% complete. Max time remaining: 24 secs. Auto Shutoff: 0.993607
54.5028% complete. Max time remaining: 23 secs. Auto Shutoff: 1.00641
56.6836% complete. Max time remaining: 22 secs. Auto Shutoff: 0.995241
58.8644% complete. Max time remaining: 20 secs. Auto Shutoff: 0.992637
61.0452% complete. Max time remaining: 19 secs. Auto Shutoff: 0.991587
63.226% complete. Max time remaining: 18 secs. Auto Shutoff: 0.994734
65.4068% complete. Max time remaining: 17 secs. Auto Shutoff: 1.00432
67.5876% complete. Max time remaining: 16 secs. Auto Shutoff: 0.993251
69.7684% complete. Max time remaining: 15 secs. Auto Shutoff: 0.990401
71.9492% complete. Max time remaining: 14 secs. Auto Shutoff: 0.992394
74.13% complete. Max time remaining: 13 secs. Auto Shutoff: 1.00806
76.3108% complete. Max time remaining: 12 secs. Auto Shutoff: 0.993791
78.4916% complete. Max time remaining: 11 secs. Auto Shutoff: 0.990113
80.6724% complete. Max time remaining: 10 secs. Auto Shutoff: 0.990135
82.8532% complete. Max time remaining: 9 secs. Auto Shutoff: 0.992233
85.034% complete. Max time remaining: 8 secs. Auto Shutoff: 1.00599
87.2148% complete. Max time remaining: 6 secs. Auto Shutoff: 0.990566
89.3956% complete. Max time remaining: 5 secs. Auto Shutoff: 0.988505
91.5764% complete. Max time remaining: 4 secs. Auto Shutoff: 0.989848
93.7572% complete. Max time remaining: 3 secs. Auto Shutoff: 1.0038
95.938% complete. Max time remaining: 2 secs. Auto Shutoff: 0.991204
98.1187% complete. Max time remaining: 1 secs. Auto Shutoff: 0.988615
100% complete. Max time remaining: 0 secs. Auto Shutoff: 0.99143
Completed 93911 iterations, or 1.500005e-12s of Simulation Time
Process 0 starting to collect data
    collecting monitor data
    collecting source data
Finished collecting data
Simulation completed successfully at: Sat Feb 12 18:52:51 2022
Overall wall time measurements in seconds: 53.3944
    time to mesh and initialize: 0.222564
    time to run FDTD simulation: 50.3902
    time to checkpoint simulation: 8e-07
    time to finalize data and save to files: 0.03448
    miscellaneous time: 2.74714
    FDTD solver speed on process 0: 11.6238 Mnodes/s
    total FDTD solver speed on 6 processes: 69.7425 Mnodes/s
