Ansys Lumerical 2022 R1 FDTD Solver Version 8.27.2898 (Windows 64bit)
 expires (month/day/year): 4/30/2022
using config file: Ansys Licensing set with ANSYSLMD_LICENSE_FILE
license host: 27025@ansys-tlm.ece.ubc.ca
current time: Sat Feb 12 21:01:57 2022
Running on host: DESKTOP-NJAKNDP
host available memory (GB): 3.706708
All processes are communicating and ready to proceed to simulation...
Running fsp file: C:\Program Files\Lumerical\v221\bin\fdtd-engine-msmpi.exe -t 1 -remote -hide C:/Users/MichaelWu/Desktop/Lasers_final/FDTD/Bragg_Bandstructure_dW_sweep/dW_sweep_4.fsp
Starting meshing
Simulation size in gridpoints: 1 x 90 x 37
Refined 0 mesh cells (0%)
Completed meshing!
Meshing complete in 0.015625 seconds of CPU time
Starting meshing
Simulation size in gridpoints: 1 x 90 x 37
Refined 0 mesh cells (0%)
Completed meshing!
Meshing complete in 0 seconds of CPU time
Starting meshing
Simulation size in gridpoints: 1 x 90 x 37
Refined 0 mesh cells (0%)
Completed meshing!
Meshing complete in 0 seconds of CPU time
number of processors is 6
processors are distributed as: 1x3x2
Running 3D Simulation
Starting meshing
Simulation size in gridpoints: 7 x 33 x 27
Refined 0 mesh cells (0%)
Completed meshing!
Meshing complete in 0.015625 seconds of CPU time
480 480
Starting meshing
Simulation size in gridpoints: 7 x 33 x 27
Refined 0 mesh cells (0%)
Completed meshing!
Meshing complete in 0.015625 seconds of CPU time
672 672
Starting meshing
Simulation size in gridpoints: 7 x 33 x 27
Refined 0 mesh cells (0%)
Completed meshing!
Meshing complete in 0.015625 seconds of CPU time
400 400
finished material properties
Meshing Time: 0.0262846 seconds, Init Electrical Material Time: 0.0071169 seconds, Init Magnetic Material Time: 2.91e-05
Using selected optimization level: 2
Selecting 3d kernel for splitFieldDirection=0 and optLevel=2
-----------------------------------------
Beginning initialization of 3D Simulation
Starting to add sources to simulation
Adding 3D Mode source propagating in X
Starting to add boundary conditions to simulation
Adding 3D Bloch BC
Adding 3D Bloch BC
Adding 3D Anti-Symmetric BC
Adding 3D Parallel BC
Adding 3D PML BC
Adding 3D Parallel BC
Starting to add monitors to Simulation
Adding analysis monitor
Adding analysis monitor
Adding 3D Time monitor
Adding 3D Time monitor
Adding 3D Time monitor
Adding 3D Time monitor
Adding 3D Time monitor
Adding 3D Time monitor
Adding 3D Time monitor
Adding 3D Time monitor
Adding 3D Time monitor
Adding 3D Time monitor
Finished initialization of 3D Simulation
-----------------------------------------
All processes are communicating and ready to proceed to simulation...
Starting 93911 total iterations
0.0511124% complete. Max time remaining: 41 secs. Auto Shutoff: 1
1.07336% complete. Max time remaining: 42 secs. Auto Shutoff: 1
2.16376% complete. Max time remaining: 41 secs. Auto Shutoff: 1
4.34455% complete. Max time remaining: 40 secs. Auto Shutoff: 1.00882
8.70614% complete. Max time remaining: 44 secs. Auto Shutoff: 1.06818
10.8869% complete. Max time remaining: 42 secs. Auto Shutoff: 1.08633
15.2485% complete. Max time remaining: 38 secs. Auto Shutoff: 1.09138
19.6101% complete. Max time remaining: 36 secs. Auto Shutoff: 1.05335
23.9717% complete. Max time remaining: 33 secs. Auto Shutoff: 0.997427
28.3333% complete. Max time remaining: 31 secs. Auto Shutoff: 0.984711
32.6949% complete. Max time remaining: 29 secs. Auto Shutoff: 0.975612
37.0565% complete. Max time remaining: 27 secs. Auto Shutoff: 0.972902
41.4181% complete. Max time remaining: 25 secs. Auto Shutoff: 0.977594
45.7797% complete. Max time remaining: 23 secs. Auto Shutoff: 0.988195
50.1413% complete. Max time remaining: 21 secs. Auto Shutoff: 1.00892
54.5028% complete. Max time remaining: 19 secs. Auto Shutoff: 1.06887
58.8644% complete. Max time remaining: 17 secs. Auto Shutoff: 1.09343
63.226% complete. Max time remaining: 16 secs. Auto Shutoff: 1.07477
67.5876% complete. Max time remaining: 14 secs. Auto Shutoff: 1.01864
71.9492% complete. Max time remaining: 12 secs. Auto Shutoff: 0.989348
76.3108% complete. Max time remaining: 10 secs. Auto Shutoff: 0.977963
80.6724% complete. Max time remaining: 8 secs. Auto Shutoff: 0.972072
85.034% complete. Max time remaining: 6 secs. Auto Shutoff: 0.973454
89.3956% complete. Max time remaining: 4 secs. Auto Shutoff: 0.981534
93.7572% complete. Max time remaining: 3 secs. Auto Shutoff: 0.993772
98.1187% complete. Max time remaining: 1 secs. Auto Shutoff: 1.04426
100% complete. Max time remaining: 0 secs. Auto Shutoff: 1.06622
Completed 93911 iterations, or 1.500005e-12s of Simulation Time
Process 0 starting to collect data
    collecting monitor data
    collecting source data
Finished collecting data
Simulation completed successfully at: Sat Feb 12 21:02:40 2022
Overall wall time measurements in seconds: 44.849
    time to mesh and initialize: 0.09715
    time to run FDTD simulation: 42.0536
    time to checkpoint simulation: 4e-07
    time to finalize data and save to files: 0.0328855
    miscellaneous time: 2.66528
    FDTD solver speed on process 0: 13.928 Mnodes/s
    total FDTD solver speed on 6 processes: 83.568 Mnodes/s
