Ansys Lumerical 2022 R1 FDTD Solver Version 8.27.2898 (Windows 64bit)
 expires (month/day/year): 4/30/2022
using config file: Ansys Licensing set with ANSYSLMD_LICENSE_FILE
license host: 27025@ansys-tlm.ece.ubc.ca
current time: Sat Feb 12 18:59:58 2022
Running on host: DESKTOP-NJAKNDP
host available memory (GB): 2.639864
All processes are communicating and ready to proceed to simulation...
Running fsp file: C:\Program Files\Lumerical\v221\bin\fdtd-engine-msmpi.exe -t 1 -remote -hide C:/Users/MichaelWu/Desktop/Lasers_final/FDTD/Bragg_Bandstructure_dW_sweep/dW_sweep_19.fsp
Starting meshing
Simulation size in gridpoints: 1 x 90 x 37
Refined 0 mesh cells (0%)
Completed meshing!
Meshing complete in 0.015625 seconds of CPU time
Starting meshing
Simulation size in gridpoints: 1 x 90 x 37
Refined 0 mesh cells (0%)
Completed meshing!
Meshing complete in 0 seconds of CPU time
Starting meshing
Simulation size in gridpoints: 1 x 90 x 37
Refined 0 mesh cells (0%)
Completed meshing!
Meshing complete in 0 seconds of CPU time
number of processors is 6
processors are distributed as: 1x3x2
Running 3D Simulation
Starting meshing
Simulation size in gridpoints: 7 x 33 x 27
Refined 0 mesh cells (0%)
Completed meshing!
Meshing complete in 0.03125 seconds of CPU time
13920 13920
Starting meshing
Simulation size in gridpoints: 7 x 33 x 27
Refined 0 mesh cells (0%)
Completed meshing!
Meshing complete in 0.03125 seconds of CPU time
4640 4640
Starting meshing
Simulation size in gridpoints: 7 x 33 x 27
Refined 0 mesh cells (0%)
Completed meshing!
Meshing complete in 0.015625 seconds of CPU time
16704 16704
finished material properties
Meshing Time: 0.0701648 seconds, Init Electrical Material Time: 0.0260399 seconds, Init Magnetic Material Time: 4.28e-05
Using selected optimization level: 2
Selecting 3d kernel for splitFieldDirection=0 and optLevel=2
-----------------------------------------
Beginning initialization of 3D Simulation
Starting to add sources to simulation
Adding 3D Mode source propagating in X
Starting to add boundary conditions to simulation
Adding 3D Bloch BC
Adding 3D Bloch BC
Adding 3D Anti-Symmetric BC
Adding 3D Parallel BC
Adding 3D PML BC
Adding 3D Parallel BC
Starting to add monitors to Simulation
Adding analysis monitor
Adding analysis monitor
Adding 3D Time monitor
Adding 3D Time monitor
Adding 3D Time monitor
Adding 3D Time monitor
Adding 3D Time monitor
Adding 3D Time monitor
Adding 3D Time monitor
Adding 3D Time monitor
Adding 3D Time monitor
Adding 3D Time monitor
Finished initialization of 3D Simulation
-----------------------------------------
All processes are communicating and ready to proceed to simulation...
Starting 93911 total iterations
0.0511124% complete. Max time remaining: 51 secs. Auto Shutoff: 1
1.07336% complete. Max time remaining: 50 secs. Auto Shutoff: 1
2.16376% complete. Max time remaining: 48 secs. Auto Shutoff: 1
4.34455% complete. Max time remaining: 1 min, 9 secs. Auto Shutoff: 0.995118
5.43495% complete. Max time remaining: 1 min, 4 secs. Auto Shutoff: 0.996803
7.61575% complete. Max time remaining: 58 secs. Auto Shutoff: 1.00449
9.79654% complete. Max time remaining: 54 secs. Auto Shutoff: 1.00979
11.9773% complete. Max time remaining: 51 secs. Auto Shutoff: 0.998249
14.1581% complete. Max time remaining: 49 secs. Auto Shutoff: 0.994055
16.3389% complete. Max time remaining: 47 secs. Auto Shutoff: 0.990519
18.5197% complete. Max time remaining: 45 secs. Auto Shutoff: 0.990581
20.7005% complete. Max time remaining: 43 secs. Auto Shutoff: 0.990889
22.8813% complete. Max time remaining: 42 secs. Auto Shutoff: 0.99425
25.0621% complete. Max time remaining: 40 secs. Auto Shutoff: 1.00962
27.2429% complete. Max time remaining: 39 secs. Auto Shutoff: 1.00799
29.4237% complete. Max time remaining: 37 secs. Auto Shutoff: 0.992896
31.6045% complete. Max time remaining: 36 secs. Auto Shutoff: 0.98845
33.7853% complete. Max time remaining: 35 secs. Auto Shutoff: 0.986194
35.9661% complete. Max time remaining: 34 secs. Auto Shutoff: 0.985709
38.1469% complete. Max time remaining: 32 secs. Auto Shutoff: 0.988312
40.3277% complete. Max time remaining: 31 secs. Auto Shutoff: 0.992555
42.5085% complete. Max time remaining: 30 secs. Auto Shutoff: 1.0045
44.6893% complete. Max time remaining: 29 secs. Auto Shutoff: 0.993164
46.8701% complete. Max time remaining: 28 secs. Auto Shutoff: 0.987193
49.0509% complete. Max time remaining: 26 secs. Auto Shutoff: 0.983202
51.2317% complete. Max time remaining: 25 secs. Auto Shutoff: 0.981764
53.4124% complete. Max time remaining: 24 secs. Auto Shutoff: 0.982558
55.5932% complete. Max time remaining: 23 secs. Auto Shutoff: 0.98591
57.774% complete. Max time remaining: 22 secs. Auto Shutoff: 1.00032
59.9548% complete. Max time remaining: 21 secs. Auto Shutoff: 1.00137
62.1356% complete. Max time remaining: 19 secs. Auto Shutoff: 0.986025
64.3164% complete. Max time remaining: 18 secs. Auto Shutoff: 0.981416
66.4972% complete. Max time remaining: 17 secs. Auto Shutoff: 0.979191
68.678% complete. Max time remaining: 16 secs. Auto Shutoff: 0.977677
70.8588% complete. Max time remaining: 15 secs. Auto Shutoff: 0.979974
73.0396% complete. Max time remaining: 14 secs. Auto Shutoff: 0.98344
75.2204% complete. Max time remaining: 13 secs. Auto Shutoff: 0.99255
77.4012% complete. Max time remaining: 12 secs. Auto Shutoff: 0.989536
79.582% complete. Max time remaining: 10 secs. Auto Shutoff: 0.980291
81.7628% complete. Max time remaining: 9 secs. Auto Shutoff: 0.975902
83.9436% complete. Max time remaining: 8 secs. Auto Shutoff: 0.974084
86.1244% complete. Max time remaining: 7 secs. Auto Shutoff: 0.9744
88.3052% complete. Max time remaining: 6 secs. Auto Shutoff: 0.977722
90.486% complete. Max time remaining: 5 secs. Auto Shutoff: 0.979232
92.6668% complete. Max time remaining: 4 secs. Auto Shutoff: 0.99389
94.8476% complete. Max time remaining: 3 secs. Auto Shutoff: 0.979082
97.0284% complete. Max time remaining: 2 secs. Auto Shutoff: 0.974364
99.2091% complete. Max time remaining: 0 secs. Auto Shutoff: 0.971822
Completed 93911 iterations, or 1.500005e-12s of Simulation Time
Process 0 starting to collect data
    collecting monitor data
    collecting source data
Finished collecting data
Simulation completed successfully at: Sat Feb 12 19:00:49 2022
Overall wall time measurements in seconds: 53.7818
    time to mesh and initialize: 0.213206
    time to run FDTD simulation: 50.885
    time to checkpoint simulation: 4e-07
    time to finalize data and save to files: 0.0304795
    miscellaneous time: 2.65305
    FDTD solver speed on process 0: 11.5107 Mnodes/s
    total FDTD solver speed on 6 processes: 69.0643 Mnodes/s
