Ansys Lumerical 2022 R1 FDTD Solver Version 8.27.2898 (Windows 64bit)
 expires (month/day/year): 4/30/2022
using config file: Ansys Licensing set with ANSYSLMD_LICENSE_FILE
license host: 27025@ansys-tlm.ece.ubc.ca
current time: Sat Feb 12 19:50:29 2022
Running on host: DESKTOP-NJAKNDP
host available memory (GB): 2.034553
All processes are communicating and ready to proceed to simulation...
Running fsp file: C:\Program Files\Lumerical\v221\bin\fdtd-engine-msmpi.exe -t 1 -remote -hide C:/Users/MichaelWu/Desktop/Lasers_final/FDTD/Bragg_Bandstructure_dW_sweep/dW_sweep_8.fsp
Starting meshing
Simulation size in gridpoints: 1 x 90 x 37
Refined 0 mesh cells (0%)
Completed meshing!
Meshing complete in 0.015625 seconds of CPU time
Starting meshing
Simulation size in gridpoints: 1 x 90 x 37
Refined 0 mesh cells (0%)
Completed meshing!
Meshing complete in 0 seconds of CPU time
Starting meshing
Simulation size in gridpoints: 1 x 90 x 37
Refined 0 mesh cells (0%)
Completed meshing!
Meshing complete in 0 seconds of CPU time
number of processors is 6
processors are distributed as: 1x3x2
Running 3D Simulation
Starting meshing
Simulation size in gridpoints: 7 x 33 x 27
Refined 0 mesh cells (0%)
Completed meshing!
Meshing complete in 0 seconds of CPU time
2352 2352
Starting meshing
Simulation size in gridpoints: 7 x 33 x 27
Refined 0 mesh cells (0%)
Completed meshing!
Meshing complete in 0 seconds of CPU time
2384 2384
Starting meshing
Simulation size in gridpoints: 7 x 33 x 27
Refined 0 mesh cells (0%)
Completed meshing!
Meshing complete in 0.015625 seconds of CPU time
1328 1328
finished material properties
Meshing Time: 0.0351473 seconds, Init Electrical Material Time: 0.0079208 seconds, Init Magnetic Material Time: 2.97e-05
Using selected optimization level: 2
Selecting 3d kernel for splitFieldDirection=0 and optLevel=2
-----------------------------------------
Beginning initialization of 3D Simulation
Starting to add sources to simulation
Adding 3D Mode source propagating in X
Starting to add boundary conditions to simulation
Adding 3D Bloch BC
Adding 3D Bloch BC
Adding 3D Anti-Symmetric BC
Adding 3D Parallel BC
Adding 3D PML BC
Adding 3D Parallel BC
Starting to add monitors to Simulation
Adding analysis monitor
Adding analysis monitor
Adding 3D Time monitor
Adding 3D Time monitor
Adding 3D Time monitor
Adding 3D Time monitor
Adding 3D Time monitor
Adding 3D Time monitor
Adding 3D Time monitor
Adding 3D Time monitor
Adding 3D Time monitor
Adding 3D Time monitor
Finished initialization of 3D Simulation
-----------------------------------------
All processes are communicating and ready to proceed to simulation...
Starting 93911 total iterations
0.0511124% complete. Max time remaining: 52 secs. Auto Shutoff: 1
1.07336% complete. Max time remaining: 43 secs. Auto Shutoff: 1
2.16376% complete. Max time remaining: 45 secs. Auto Shutoff: 1
4.34455% complete. Max time remaining: 50 secs. Auto Shutoff: 1.01401
6.52535% complete. Max time remaining: 52 secs. Auto Shutoff: 1.05708
8.70614% complete. Max time remaining: 50 secs. Auto Shutoff: 1.07105
10.8869% complete. Max time remaining: 47 secs. Auto Shutoff: 1.05192
15.2485% complete. Max time remaining: 43 secs. Auto Shutoff: 0.948363
17.4293% complete. Max time remaining: 41 secs. Auto Shutoff: 0.898141
19.6101% complete. Max time remaining: 40 secs. Auto Shutoff: 0.864659
21.7909% complete. Max time remaining: 39 secs. Auto Shutoff: 0.860545
23.9717% complete. Max time remaining: 37 secs. Auto Shutoff: 0.884802
26.1525% complete. Max time remaining: 36 secs. Auto Shutoff: 0.93051
30.5141% complete. Max time remaining: 34 secs. Auto Shutoff: 1.03862
32.6949% complete. Max time remaining: 33 secs. Auto Shutoff: 1.06772
34.8757% complete. Max time remaining: 31 secs. Auto Shutoff: 1.06452
37.0565% complete. Max time remaining: 30 secs. Auto Shutoff: 1.02748
39.2373% complete. Max time remaining: 29 secs. Auto Shutoff: 0.974255
43.5989% complete. Max time remaining: 27 secs. Auto Shutoff: 0.876262
45.7797% complete. Max time remaining: 26 secs. Auto Shutoff: 0.858334
50.1413% complete. Max time remaining: 24 secs. Auto Shutoff: 0.905877
52.322% complete. Max time remaining: 23 secs. Auto Shutoff: 0.960517
54.5028% complete. Max time remaining: 22 secs. Auto Shutoff: 1.0145
58.8644% complete. Max time remaining: 20 secs. Auto Shutoff: 1.06935
61.0452% complete. Max time remaining: 18 secs. Auto Shutoff: 1.04766
65.4068% complete. Max time remaining: 17 secs. Auto Shutoff: 0.945419
67.5876% complete. Max time remaining: 16 secs. Auto Shutoff: 0.893511
69.7684% complete. Max time remaining: 15 secs. Auto Shutoff: 0.862998
74.13% complete. Max time remaining: 12 secs. Auto Shutoff: 0.884912
78.4916% complete. Max time remaining: 10 secs. Auto Shutoff: 0.987777
82.8532% complete. Max time remaining: 8 secs. Auto Shutoff: 1.06739
85.034% complete. Max time remaining: 7 secs. Auto Shutoff: 1.06141
89.3956% complete. Max time remaining: 5 secs. Auto Shutoff: 0.971282
93.7572% complete. Max time remaining: 3 secs. Auto Shutoff: 0.874173
98.1187% complete. Max time remaining: 1 secs. Auto Shutoff: 0.870317
100% complete. Max time remaining: 0 secs. Auto Shutoff: 0.901657
Completed 93911 iterations, or 1.500005e-12s of Simulation Time
Process 0 starting to collect data
    collecting monitor data
    collecting source data
Finished collecting data
Simulation completed successfully at: Sat Feb 12 19:51:17 2022
Overall wall time measurements in seconds: 50.2134
    time to mesh and initialize: 0.119614
    time to run FDTD simulation: 47.3498
    time to checkpoint simulation: 3e-07
    time to finalize data and save to files: 0.0335696
    miscellaneous time: 2.71043
    FDTD solver speed on process 0: 12.3701 Mnodes/s
    total FDTD solver speed on 6 processes: 74.2208 Mnodes/s
