Ansys Lumerical 2022 R1 FDTD Solver Version 8.27.2898 (Windows 64bit)
 expires (month/day/year): 4/30/2022
using config file: Ansys Licensing set with ANSYSLMD_LICENSE_FILE
license host: 27025@ansys-tlm.ece.ubc.ca
current time: Sat Feb 12 18:58:11 2022
Running on host: DESKTOP-NJAKNDP
host available memory (GB): 2.611638
All processes are communicating and ready to proceed to simulation...
Running fsp file: C:\Program Files\Lumerical\v221\bin\fdtd-engine-msmpi.exe -t 1 -remote -hide C:/Users/MichaelWu/Desktop/Lasers_final/FDTD/Bragg_Bandstructure_dW_sweep/dW_sweep_17.fsp
Starting meshing
Simulation size in gridpoints: 1 x 90 x 37
Refined 0 mesh cells (0%)
Completed meshing!
Meshing complete in 0 seconds of CPU time
Starting meshing
Simulation size in gridpoints: 1 x 90 x 37
Refined 0 mesh cells (0%)
Completed meshing!
Meshing complete in 0 seconds of CPU time
Starting meshing
Simulation size in gridpoints: 1 x 90 x 37
Refined 0 mesh cells (0%)
Completed meshing!
Meshing complete in 0.015625 seconds of CPU time
number of processors is 6
processors are distributed as: 1x3x2
Running 3D Simulation
Starting meshing
Simulation size in gridpoints: 7 x 33 x 27
Refined 0 mesh cells (0%)
Completed meshing!
Meshing complete in 0.046875 seconds of CPU time
13920 13920
Starting meshing
Simulation size in gridpoints: 7 x 33 x 27
Refined 0 mesh cells (0%)
Completed meshing!
Meshing complete in 0.03125 seconds of CPU time
4640 4640
Starting meshing
Simulation size in gridpoints: 7 x 33 x 27
Refined 0 mesh cells (0%)
Completed meshing!
Meshing complete in 0.03125 seconds of CPU time
16704 16704
finished material properties
Meshing Time: 0.0660824 seconds, Init Electrical Material Time: 0.0205105 seconds, Init Magnetic Material Time: 3.86e-05
Using selected optimization level: 2
Selecting 3d kernel for splitFieldDirection=0 and optLevel=2
-----------------------------------------
Beginning initialization of 3D Simulation
Starting to add sources to simulation
Adding 3D Mode source propagating in X
Starting to add boundary conditions to simulation
Adding 3D Bloch BC
Adding 3D Bloch BC
Adding 3D Anti-Symmetric BC
Adding 3D Parallel BC
Adding 3D PML BC
Adding 3D Parallel BC
Starting to add monitors to Simulation
Adding analysis monitor
Adding analysis monitor
Adding 3D Time monitor
Adding 3D Time monitor
Adding 3D Time monitor
Adding 3D Time monitor
Adding 3D Time monitor
Adding 3D Time monitor
Adding 3D Time monitor
Adding 3D Time monitor
Adding 3D Time monitor
Adding 3D Time monitor
Finished initialization of 3D Simulation
-----------------------------------------
All processes are communicating and ready to proceed to simulation...
Starting 93911 total iterations
0.0511124% complete. Max time remaining: 50 secs. Auto Shutoff: 1
1.07336% complete. Max time remaining: 47 secs. Auto Shutoff: 1
2.16376% complete. Max time remaining: 47 secs. Auto Shutoff: 1
4.34455% complete. Max time remaining: 45 secs. Auto Shutoff: 0.996369
6.52535% complete. Max time remaining: 44 secs. Auto Shutoff: 0.999823
8.70614% complete. Max time remaining: 43 secs. Auto Shutoff: 1.01077
10.8869% complete. Max time remaining: 42 secs. Auto Shutoff: 0.996849
13.0677% complete. Max time remaining: 41 secs. Auto Shutoff: 0.994755
15.2485% complete. Max time remaining: 40 secs. Auto Shutoff: 0.992464
17.4293% complete. Max time remaining: 39 secs. Auto Shutoff: 0.993752
19.6101% complete. Max time remaining: 38 secs. Auto Shutoff: 0.995325
21.7909% complete. Max time remaining: 37 secs. Auto Shutoff: 1.00771
23.9717% complete. Max time remaining: 36 secs. Auto Shutoff: 0.997486
26.1525% complete. Max time remaining: 35 secs. Auto Shutoff: 0.992749
28.3333% complete. Max time remaining: 34 secs. Auto Shutoff: 0.99103
30.5141% complete. Max time remaining: 33 secs. Auto Shutoff: 0.989836
32.6949% complete. Max time remaining: 32 secs. Auto Shutoff: 0.992471
34.8757% complete. Max time remaining: 31 secs. Auto Shutoff: 1.00272
37.0565% complete. Max time remaining: 30 secs. Auto Shutoff: 1.00918
39.2373% complete. Max time remaining: 29 secs. Auto Shutoff: 0.992825
41.4181% complete. Max time remaining: 28 secs. Auto Shutoff: 0.989072
43.5989% complete. Max time remaining: 27 secs. Auto Shutoff: 0.987439
45.7797% complete. Max time remaining: 26 secs. Auto Shutoff: 0.987986
47.9605% complete. Max time remaining: 25 secs. Auto Shutoff: 0.991527
50.1413% complete. Max time remaining: 24 secs. Auto Shutoff: 1.00655
52.322% complete. Max time remaining: 23 secs. Auto Shutoff: 1.001
54.5028% complete. Max time remaining: 22 secs. Auto Shutoff: 0.988997
56.6836% complete. Max time remaining: 21 secs. Auto Shutoff: 0.985463
58.8644% complete. Max time remaining: 20 secs. Auto Shutoff: 0.984607
61.0452% complete. Max time remaining: 19 secs. Auto Shutoff: 0.986845
63.226% complete. Max time remaining: 18 secs. Auto Shutoff: 0.990022
65.4068% complete. Max time remaining: 17 secs. Auto Shutoff: 1.0015
67.5876% complete. Max time remaining: 16 secs. Auto Shutoff: 0.988963
69.7684% complete. Max time remaining: 15 secs. Auto Shutoff: 0.984852
71.9492% complete. Max time remaining: 14 secs. Auto Shutoff: 0.982292
74.13% complete. Max time remaining: 13 secs. Auto Shutoff: 0.984045
76.3108% complete. Max time remaining: 12 secs. Auto Shutoff: 0.985619
78.4916% complete. Max time remaining: 11 secs. Auto Shutoff: 0.999192
80.6724% complete. Max time remaining: 9 secs. Auto Shutoff: 0.986918
82.8532% complete. Max time remaining: 8 secs. Auto Shutoff: 0.984969
85.034% complete. Max time remaining: 7 secs. Auto Shutoff: 0.980839
87.2148% complete. Max time remaining: 6 secs. Auto Shutoff: 0.980107
89.3956% complete. Max time remaining: 5 secs. Auto Shutoff: 0.983004
91.5764% complete. Max time remaining: 4 secs. Auto Shutoff: 0.984102
93.7572% complete. Max time remaining: 3 secs. Auto Shutoff: 0.999327
95.938% complete. Max time remaining: 2 secs. Auto Shutoff: 0.983219
98.1187% complete. Max time remaining: 1 secs. Auto Shutoff: 0.980633
100% complete. Max time remaining: 0 secs. Auto Shutoff: 0.980523
Completed 93911 iterations, or 1.500005e-12s of Simulation Time
Process 0 starting to collect data
    collecting monitor data
    collecting source data
Finished collecting data
Simulation completed successfully at: Sat Feb 12 18:59:02 2022
Overall wall time measurements in seconds: 52.733
    time to mesh and initialize: 0.164243
    time to run FDTD simulation: 49.8239
    time to checkpoint simulation: 7e-07
    time to finalize data and save to files: 0.0353026
    miscellaneous time: 2.70951
    FDTD solver speed on process 0: 11.7559 Mnodes/s
    total FDTD solver speed on 6 processes: 70.5352 Mnodes/s
