Ansys Lumerical 2022 R1 FDTD Solver Version 8.27.2898 (Windows 64bit)
 expires (month/day/year): 4/30/2022
using config file: Ansys Licensing set with ANSYSLMD_LICENSE_FILE
license host: 27025@ansys-tlm.ece.ubc.ca
current time: Sat Feb 12 18:52:54 2022
Running on host: DESKTOP-NJAKNDP
host available memory (GB): 2.647450
All processes are communicating and ready to proceed to simulation...
Running fsp file: C:\Program Files\Lumerical\v221\bin\fdtd-engine-msmpi.exe -t 1 -remote -hide C:/Users/MichaelWu/Desktop/Lasers_final/FDTD/Bragg_Bandstructure_dW_sweep/dW_sweep_14.fsp
Starting meshing
Simulation size in gridpoints: 1 x 90 x 37
Refined 0 mesh cells (0%)
Completed meshing!
Meshing complete in 0.015625 seconds of CPU time
Starting meshing
Simulation size in gridpoints: 1 x 90 x 37
Refined 0 mesh cells (0%)
Completed meshing!
Meshing complete in 0 seconds of CPU time
Starting meshing
Simulation size in gridpoints: 1 x 90 x 37
Refined 0 mesh cells (0%)
Completed meshing!
Meshing complete in 0 seconds of CPU time
number of processors is 6
processors are distributed as: 1x3x2
Running 3D Simulation
Starting meshing
Simulation size in gridpoints: 7 x 33 x 27
Refined 0 mesh cells (0%)
Completed meshing!
Meshing complete in 0.03125 seconds of CPU time
13920 13920
Starting meshing
Simulation size in gridpoints: 7 x 33 x 27
Refined 0 mesh cells (0%)
Completed meshing!
Meshing complete in 0.03125 seconds of CPU time
4640 4640
Starting meshing
Simulation size in gridpoints: 7 x 33 x 27
Refined 0 mesh cells (0%)
Completed meshing!
Meshing complete in 0.046875 seconds of CPU time
16704 16704
finished material properties
Meshing Time: 0.0720134 seconds, Init Electrical Material Time: 0.023099 seconds, Init Magnetic Material Time: 3.14e-05
Using selected optimization level: 2
Selecting 3d kernel for splitFieldDirection=0 and optLevel=2
-----------------------------------------
Beginning initialization of 3D Simulation
Starting to add sources to simulation
Adding 3D Mode source propagating in X
Starting to add boundary conditions to simulation
Adding 3D Bloch BC
Adding 3D Bloch BC
Adding 3D Anti-Symmetric BC
Adding 3D Parallel BC
Adding 3D PML BC
Adding 3D Parallel BC
Starting to add monitors to Simulation
Adding analysis monitor
Adding analysis monitor
Adding 3D Time monitor
Adding 3D Time monitor
Adding 3D Time monitor
Adding 3D Time monitor
Adding 3D Time monitor
Adding 3D Time monitor
Adding 3D Time monitor
Adding 3D Time monitor
Adding 3D Time monitor
Adding 3D Time monitor
Finished initialization of 3D Simulation
-----------------------------------------
All processes are communicating and ready to proceed to simulation...
Starting 93911 total iterations
0.0511124% complete. Max time remaining: 49 secs. Auto Shutoff: 1
1.07336% complete. Max time remaining: 47 secs. Auto Shutoff: 1
2.16376% complete. Max time remaining: 46 secs. Auto Shutoff: 1
4.34455% complete. Max time remaining: 47 secs. Auto Shutoff: 0.998915
6.52535% complete. Max time remaining: 46 secs. Auto Shutoff: 1.0142
8.70614% complete. Max time remaining: 44 secs. Auto Shutoff: 0.99932
10.8869% complete. Max time remaining: 54 secs. Auto Shutoff: 0.995581
11.9773% complete. Max time remaining: 53 secs. Auto Shutoff: 0.995238
14.1581% complete. Max time remaining: 50 secs. Auto Shutoff: 0.996496
16.3389% complete. Max time remaining: 48 secs. Auto Shutoff: 1.00526
18.5197% complete. Max time remaining: 46 secs. Auto Shutoff: 1.00058
20.7005% complete. Max time remaining: 44 secs. Auto Shutoff: 0.996827
22.8813% complete. Max time remaining: 42 secs. Auto Shutoff: 0.993928
25.0621% complete. Max time remaining: 40 secs. Auto Shutoff: 0.995979
27.2429% complete. Max time remaining: 39 secs. Auto Shutoff: 0.998107
29.4237% complete. Max time remaining: 37 secs. Auto Shutoff: 1.00749
31.6045% complete. Max time remaining: 36 secs. Auto Shutoff: 0.994959
33.7853% complete. Max time remaining: 35 secs. Auto Shutoff: 0.992763
35.9661% complete. Max time remaining: 33 secs. Auto Shutoff: 0.993883
38.1469% complete. Max time remaining: 32 secs. Auto Shutoff: 1.00128
40.3277% complete. Max time remaining: 31 secs. Auto Shutoff: 1.00012
42.5085% complete. Max time remaining: 30 secs. Auto Shutoff: 0.993098
44.6893% complete. Max time remaining: 28 secs. Auto Shutoff: 0.991507
46.8701% complete. Max time remaining: 27 secs. Auto Shutoff: 0.993346
49.0509% complete. Max time remaining: 26 secs. Auto Shutoff: 1.0057
51.2317% complete. Max time remaining: 25 secs. Auto Shutoff: 1.00627
53.4124% complete. Max time remaining: 24 secs. Auto Shutoff: 0.992697
55.5932% complete. Max time remaining: 22 secs. Auto Shutoff: 0.990308
57.774% complete. Max time remaining: 21 secs. Auto Shutoff: 0.992885
59.9548% complete. Max time remaining: 20 secs. Auto Shutoff: 0.996858
62.1356% complete. Max time remaining: 20 secs. Auto Shutoff: 0.999914
64.3164% complete. Max time remaining: 19 secs. Auto Shutoff: 0.99086
66.4972% complete. Max time remaining: 18 secs. Auto Shutoff: 0.989171
68.678% complete. Max time remaining: 16 secs. Auto Shutoff: 0.990752
70.8588% complete. Max time remaining: 15 secs. Auto Shutoff: 1.00222
73.0396% complete. Max time remaining: 17 secs. Auto Shutoff: 0.993158
74.13% complete. Max time remaining: 21 secs. Auto Shutoff: 0.991054
75.1522% complete. Max time remaining: 25 secs. Auto Shutoff: 0.989094
76.1745% complete. Max time remaining: 29 secs. Auto Shutoff: 0.988337
77.1967% complete. Max time remaining: 32 secs. Auto Shutoff: 0.989638
78.219% complete. Max time remaining: 34 secs. Auto Shutoff: 0.991581
79.2412% complete. Max time remaining: 36 secs. Auto Shutoff: 1.00684
80.2635% complete. Max time remaining: 37 secs. Auto Shutoff: 0.996967
81.2857% complete. Max time remaining: 38 secs. Auto Shutoff: 0.989268
82.308% complete. Max time remaining: 39 secs. Auto Shutoff: 0.987688
83.3302% complete. Max time remaining: 37 secs. Auto Shutoff: 0.988134
84.4206% complete. Max time remaining: 34 secs. Auto Shutoff: 0.989831
86.6014% complete. Max time remaining: 29 secs. Auto Shutoff: 1.00502
88.7822% complete. Max time remaining: 24 secs. Auto Shutoff: 0.997416
90.963% complete. Max time remaining: 19 secs. Auto Shutoff: 0.987973
93.1438% complete. Max time remaining: 14 secs. Auto Shutoff: 0.986296
95.3246% complete. Max time remaining: 9 secs. Auto Shutoff: 0.987756
97.5054% complete. Max time remaining: 5 secs. Auto Shutoff: 0.998689
99.6862% complete. Max time remaining: 1 secs. Auto Shutoff: 0.990249
Completed 93911 iterations, or 1.500005e-12s of Simulation Time
Process 0 starting to collect data
    collecting monitor data
    collecting source data
Finished collecting data
Simulation completed successfully at: Sat Feb 12 18:56:08 2022
Overall wall time measurements in seconds: 196.241
    time to mesh and initialize: 0.225294
    time to run FDTD simulation: 193.311
    time to checkpoint simulation: 1.2e-06
    time to finalize data and save to files: 0.0379473
    miscellaneous time: 2.66691
    FDTD solver speed on process 0: 3.02996 Mnodes/s
    total FDTD solver speed on 6 processes: 18.1797 Mnodes/s
